21-04-28 23:51:38 [main] INFO  com.epam.jwd.core_final.Main  - Start Nassa Program...
21-04-28 23:51:38 [main] INFO  com.epam.jwd.core_final.util.PropertyReaderUtil  - Properties have been reading successfully
21-04-28 23:51:38 [main] INFO  com.epam.jwd.core_final.service.impl.CrewServiceImpl  - New crew member was added to collection
21-04-28 23:51:38 [main] INFO  com.epam.jwd.core_final.factory.impl.CrewMemberFactory  - New crew member CrewMember Davey Bentley : id=1, role=COMMANDER,  rank=SECOND_OFFICER, ReadyForNextMission; was created successfully
21-04-28 23:51:38 [main] INFO  com.epam.jwd.core_final.util.iostreamImpl.CrewReadFileStream  - Crew Davey Bentley was read from file
21-04-28 23:51:38 [main] INFO  com.epam.jwd.core_final.service.impl.CrewServiceImpl  - New crew member was added to collection
21-04-28 23:51:38 [main] INFO  com.epam.jwd.core_final.factory.impl.CrewMemberFactory  - New crew member CrewMember Zoe Day : id=2, role=MISSION_SPECIALIST,  rank=TRAINEE, ReadyForNextMission; was created successfully
21-04-28 23:51:38 [main] INFO  com.epam.jwd.core_final.util.iostreamImpl.CrewReadFileStream  - Crew Zoe Day was read from file
21-04-28 23:51:38 [main] INFO  com.epam.jwd.core_final.service.impl.CrewServiceImpl  - New crew member was added to collection
21-04-28 23:51:38 [main] INFO  com.epam.jwd.core_final.factory.impl.CrewMemberFactory  - New crew member CrewMember Petra Potter : id=3, role=PILOT,  rank=CAPTAIN, ReadyForNextMission; was created successfully
21-04-28 23:51:38 [main] INFO  com.epam.jwd.core_final.util.iostreamImpl.CrewReadFileStream  - Crew Petra Potter was read from file
21-04-28 23:51:38 [main] INFO  com.epam.jwd.core_final.service.impl.CrewServiceImpl  - New crew member was added to collection
21-04-28 23:51:38 [main] INFO  com.epam.jwd.core_final.factory.impl.CrewMemberFactory  - New crew member CrewMember Hafsa Harding : id=4, role=PILOT,  rank=SECOND_OFFICER, ReadyForNextMission; was created successfully
21-04-28 23:51:38 [main] INFO  com.epam.jwd.core_final.util.iostreamImpl.CrewReadFileStream  - Crew Hafsa Harding was read from file
21-04-28 23:51:38 [main] INFO  com.epam.jwd.core_final.service.impl.CrewServiceImpl  - New crew member was added to collection
21-04-28 23:51:38 [main] INFO  com.epam.jwd.core_final.factory.impl.CrewMemberFactory  - New crew member CrewMember Frazer Carr : id=5, role=FLIGHT_ENGINEER,  rank=CAPTAIN, ReadyForNextMission; was created successfully
21-04-28 23:51:38 [main] INFO  com.epam.jwd.core_final.util.iostreamImpl.CrewReadFileStream  - Crew Frazer Carr was read from file
21-04-28 23:51:38 [main] INFO  com.epam.jwd.core_final.service.impl.CrewServiceImpl  - New crew member was added to collection
21-04-28 23:51:38 [main] INFO  com.epam.jwd.core_final.factory.impl.CrewMemberFactory  - New crew member CrewMember Reya Handley : id=6, role=PILOT,  rank=SECOND_OFFICER, ReadyForNextMission; was created successfully
21-04-28 23:51:38 [main] INFO  com.epam.jwd.core_final.util.iostreamImpl.CrewReadFileStream  - Crew Reya Handley was read from file
21-04-28 23:51:38 [main] INFO  com.epam.jwd.core_final.service.impl.CrewServiceImpl  - New crew member was added to collection
21-04-28 23:51:38 [main] INFO  com.epam.jwd.core_final.factory.impl.CrewMemberFactory  - New crew member CrewMember Isabelle Person : id=7, role=MISSION_SPECIALIST,  rank=SECOND_OFFICER, ReadyForNextMission; was created successfully
21-04-28 23:51:38 [main] INFO  com.epam.jwd.core_final.util.iostreamImpl.CrewReadFileStream  - Crew Isabelle Person was read from file
21-04-28 23:51:38 [main] INFO  com.epam.jwd.core_final.service.impl.CrewServiceImpl  - New crew member was added to collection
21-04-28 23:51:38 [main] INFO  com.epam.jwd.core_final.factory.impl.CrewMemberFactory  - New crew member CrewMember Sara Barnes : id=8, role=COMMANDER,  rank=FIRST_OFFICER, ReadyForNextMission; was created successfully
21-04-28 23:51:38 [main] INFO  com.epam.jwd.core_final.util.iostreamImpl.CrewReadFileStream  - Crew Sara Barnes was read from file
21-04-28 23:51:38 [main] INFO  com.epam.jwd.core_final.service.impl.CrewServiceImpl  - New crew member was added to collection
21-04-28 23:51:38 [main] INFO  com.epam.jwd.core_final.factory.impl.CrewMemberFactory  - New crew member CrewMember Bilaal Reid : id=9, role=PILOT,  rank=CAPTAIN, ReadyForNextMission; was created successfully
21-04-28 23:51:38 [main] INFO  com.epam.jwd.core_final.util.iostreamImpl.CrewReadFileStream  - Crew Bilaal Reid was read from file
21-04-28 23:51:38 [main] INFO  com.epam.jwd.core_final.service.impl.CrewServiceImpl  - New crew member was added to collection
21-04-28 23:51:38 [main] INFO  com.epam.jwd.core_final.factory.impl.CrewMemberFactory  - New crew member CrewMember Ariel Crowther : id=10, role=PILOT,  rank=FIRST_OFFICER, ReadyForNextMission; was created successfully
21-04-28 23:51:38 [main] INFO  com.epam.jwd.core_final.util.iostreamImpl.CrewReadFileStream  - Crew Ariel Crowther was read from file
21-04-28 23:51:38 [main] INFO  com.epam.jwd.core_final.service.impl.CrewServiceImpl  - New crew member was added to collection
21-04-28 23:51:38 [main] INFO  com.epam.jwd.core_final.factory.impl.CrewMemberFactory  - New crew member CrewMember Malachi Cardenas : id=11, role=PILOT,  rank=CAPTAIN, ReadyForNextMission; was created successfully
21-04-28 23:51:38 [main] INFO  com.epam.jwd.core_final.util.iostreamImpl.CrewReadFileStream  - Crew Malachi Cardenas was read from file
21-04-28 23:51:38 [main] INFO  com.epam.jwd.core_final.service.impl.CrewServiceImpl  - New crew member was added to collection
21-04-28 23:51:38 [main] INFO  com.epam.jwd.core_final.factory.impl.CrewMemberFactory  - New crew member CrewMember Marta Hendrix : id=12, role=FLIGHT_ENGINEER,  rank=FIRST_OFFICER, ReadyForNextMission; was created successfully
21-04-28 23:51:38 [main] INFO  com.epam.jwd.core_final.util.iostreamImpl.CrewReadFileStream  - Crew Marta Hendrix was read from file
21-04-28 23:51:38 [main] INFO  com.epam.jwd.core_final.service.impl.CrewServiceImpl  - New crew member was added to collection
21-04-28 23:51:38 [main] INFO  com.epam.jwd.core_final.factory.impl.CrewMemberFactory  - New crew member CrewMember Adele Mckeown : id=13, role=COMMANDER,  rank=SECOND_OFFICER, ReadyForNextMission; was created successfully
21-04-28 23:51:38 [main] INFO  com.epam.jwd.core_final.util.iostreamImpl.CrewReadFileStream  - Crew Adele Mckeown was read from file
21-04-28 23:51:38 [main] INFO  com.epam.jwd.core_final.service.impl.CrewServiceImpl  - New crew member was added to collection
21-04-28 23:51:38 [main] INFO  com.epam.jwd.core_final.factory.impl.CrewMemberFactory  - New crew member CrewMember Kayleigh Sellers : id=14, role=FLIGHT_ENGINEER,  rank=TRAINEE, ReadyForNextMission; was created successfully
21-04-28 23:51:38 [main] INFO  com.epam.jwd.core_final.util.iostreamImpl.CrewReadFileStream  - Crew Kayleigh Sellers was read from file
21-04-28 23:51:38 [main] INFO  com.epam.jwd.core_final.service.impl.CrewServiceImpl  - New crew member was added to collection
21-04-28 23:51:38 [main] INFO  com.epam.jwd.core_final.factory.impl.CrewMemberFactory  - New crew member CrewMember Azra Hastings : id=15, role=MISSION_SPECIALIST,  rank=FIRST_OFFICER, ReadyForNextMission; was created successfully
21-04-28 23:51:38 [main] INFO  com.epam.jwd.core_final.util.iostreamImpl.CrewReadFileStream  - Crew Azra Hastings was read from file
21-04-28 23:51:38 [main] INFO  com.epam.jwd.core_final.service.impl.CrewServiceImpl  - New crew member was added to collection
21-04-28 23:51:38 [main] INFO  com.epam.jwd.core_final.factory.impl.CrewMemberFactory  - New crew member CrewMember Cerys Mcdonnell : id=16, role=FLIGHT_ENGINEER,  rank=CAPTAIN, ReadyForNextMission; was created successfully
21-04-28 23:51:38 [main] INFO  com.epam.jwd.core_final.util.iostreamImpl.CrewReadFileStream  - Crew Cerys Mcdonnell was read from file
21-04-28 23:51:38 [main] INFO  com.epam.jwd.core_final.service.impl.CrewServiceImpl  - New crew member was added to collection
21-04-28 23:51:38 [main] INFO  com.epam.jwd.core_final.factory.impl.CrewMemberFactory  - New crew member CrewMember Aronas Paul : id=17, role=MISSION_SPECIALIST,  rank=FIRST_OFFICER, ReadyForNextMission; was created successfully
21-04-28 23:51:38 [main] INFO  com.epam.jwd.core_final.util.iostreamImpl.CrewReadFileStream  - Crew Aronas Paul was read from file
21-04-28 23:51:38 [main] INFO  com.epam.jwd.core_final.service.impl.CrewServiceImpl  - New crew member was added to collection
21-04-28 23:51:38 [main] INFO  com.epam.jwd.core_final.factory.impl.CrewMemberFactory  - New crew member CrewMember Alanah Stanton : id=18, role=MISSION_SPECIALIST,  rank=FIRST_OFFICER, ReadyForNextMission; was created successfully
21-04-28 23:51:38 [main] INFO  com.epam.jwd.core_final.util.iostreamImpl.CrewReadFileStream  - Crew Alanah Stanton was read from file
21-04-28 23:51:38 [main] INFO  com.epam.jwd.core_final.service.impl.CrewServiceImpl  - New crew member was added to collection
21-04-28 23:51:38 [main] INFO  com.epam.jwd.core_final.factory.impl.CrewMemberFactory  - New crew member CrewMember Darien Blanchard : id=19, role=COMMANDER,  rank=TRAINEE, ReadyForNextMission; was created successfully
21-04-28 23:51:38 [main] INFO  com.epam.jwd.core_final.util.iostreamImpl.CrewReadFileStream  - Crew Darien Blanchard was read from file
21-04-28 23:51:38 [main] INFO  com.epam.jwd.core_final.service.impl.CrewServiceImpl  - New crew member was added to collection
21-04-28 23:51:38 [main] INFO  com.epam.jwd.core_final.factory.impl.CrewMemberFactory  - New crew member CrewMember Kaden Mccormick : id=20, role=PILOT,  rank=FIRST_OFFICER, ReadyForNextMission; was created successfully
21-04-28 23:51:38 [main] INFO  com.epam.jwd.core_final.util.iostreamImpl.CrewReadFileStream  - Crew Kaden Mccormick was read from file
21-04-28 23:51:38 [main] INFO  com.epam.jwd.core_final.service.impl.CrewServiceImpl  - New crew member was added to collection
21-04-28 23:51:38 [main] INFO  com.epam.jwd.core_final.factory.impl.CrewMemberFactory  - New crew member CrewMember Cobie Coles : id=21, role=MISSION_SPECIALIST,  rank=CAPTAIN, ReadyForNextMission; was created successfully
21-04-28 23:51:38 [main] INFO  com.epam.jwd.core_final.util.iostreamImpl.CrewReadFileStream  - Crew Cobie Coles was read from file
21-04-28 23:51:38 [main] INFO  com.epam.jwd.core_final.service.impl.CrewServiceImpl  - New crew member was added to collection
21-04-28 23:51:38 [main] INFO  com.epam.jwd.core_final.factory.impl.CrewMemberFactory  - New crew member CrewMember Talia Mcnamara : id=22, role=FLIGHT_ENGINEER,  rank=FIRST_OFFICER, ReadyForNextMission; was created successfully
21-04-28 23:51:38 [main] INFO  com.epam.jwd.core_final.util.iostreamImpl.CrewReadFileStream  - Crew Talia Mcnamara was read from file
21-04-28 23:51:38 [main] INFO  com.epam.jwd.core_final.service.impl.CrewServiceImpl  - New crew member was added to collection
21-04-28 23:51:38 [main] INFO  com.epam.jwd.core_final.factory.impl.CrewMemberFactory  - New crew member CrewMember Fabio Smart : id=23, role=COMMANDER,  rank=TRAINEE, ReadyForNextMission; was created successfully
21-04-28 23:51:38 [main] INFO  com.epam.jwd.core_final.util.iostreamImpl.CrewReadFileStream  - Crew Fabio Smart was read from file
21-04-28 23:51:38 [main] INFO  com.epam.jwd.core_final.service.impl.CrewServiceImpl  - New crew member was added to collection
21-04-28 23:51:38 [main] INFO  com.epam.jwd.core_final.factory.impl.CrewMemberFactory  - New crew member CrewMember Momina Tyler : id=24, role=COMMANDER,  rank=FIRST_OFFICER, ReadyForNextMission; was created successfully
21-04-28 23:51:38 [main] INFO  com.epam.jwd.core_final.util.iostreamImpl.CrewReadFileStream  - Crew Momina Tyler was read from file
21-04-28 23:51:38 [main] INFO  com.epam.jwd.core_final.service.impl.CrewServiceImpl  - New crew member was added to collection
21-04-28 23:51:38 [main] INFO  com.epam.jwd.core_final.factory.impl.CrewMemberFactory  - New crew member CrewMember Melisa Villalobos : id=25, role=MISSION_SPECIALIST,  rank=TRAINEE, ReadyForNextMission; was created successfully
21-04-28 23:51:38 [main] INFO  com.epam.jwd.core_final.util.iostreamImpl.CrewReadFileStream  - Crew Melisa Villalobos was read from file
21-04-28 23:51:38 [main] INFO  com.epam.jwd.core_final.service.impl.CrewServiceImpl  - New crew member was added to collection
21-04-28 23:51:38 [main] INFO  com.epam.jwd.core_final.factory.impl.CrewMemberFactory  - New crew member CrewMember Nikhil Mullins : id=26, role=COMMANDER,  rank=CAPTAIN, ReadyForNextMission; was created successfully
21-04-28 23:51:38 [main] INFO  com.epam.jwd.core_final.util.iostreamImpl.CrewReadFileStream  - Crew Nikhil Mullins was read from file
21-04-28 23:51:38 [main] INFO  com.epam.jwd.core_final.service.impl.CrewServiceImpl  - New crew member was added to collection
21-04-28 23:51:38 [main] INFO  com.epam.jwd.core_final.factory.impl.CrewMemberFactory  - New crew member CrewMember Ahsan Carey : id=27, role=PILOT,  rank=FIRST_OFFICER, ReadyForNextMission; was created successfully
21-04-28 23:51:38 [main] INFO  com.epam.jwd.core_final.util.iostreamImpl.CrewReadFileStream  - Crew Ahsan Carey was read from file
21-04-28 23:51:38 [main] INFO  com.epam.jwd.core_final.service.impl.CrewServiceImpl  - New crew member was added to collection
21-04-28 23:51:38 [main] INFO  com.epam.jwd.core_final.factory.impl.CrewMemberFactory  - New crew member CrewMember Judah Bray : id=28, role=PILOT,  rank=SECOND_OFFICER, ReadyForNextMission; was created successfully
21-04-28 23:51:38 [main] INFO  com.epam.jwd.core_final.util.iostreamImpl.CrewReadFileStream  - Crew Judah Bray was read from file
21-04-28 23:51:38 [main] INFO  com.epam.jwd.core_final.service.impl.CrewServiceImpl  - New crew member was added to collection
21-04-28 23:51:38 [main] INFO  com.epam.jwd.core_final.factory.impl.CrewMemberFactory  - New crew member CrewMember Kaja Rogers : id=29, role=FLIGHT_ENGINEER,  rank=TRAINEE, ReadyForNextMission; was created successfully
21-04-28 23:51:38 [main] INFO  com.epam.jwd.core_final.util.iostreamImpl.CrewReadFileStream  - Crew Kaja Rogers was read from file
21-04-28 23:51:38 [main] INFO  com.epam.jwd.core_final.service.impl.CrewServiceImpl  - New crew member was added to collection
21-04-28 23:51:38 [main] INFO  com.epam.jwd.core_final.factory.impl.CrewMemberFactory  - New crew member CrewMember Malcolm Thornton : id=30, role=PILOT,  rank=SECOND_OFFICER, ReadyForNextMission; was created successfully
21-04-28 23:51:38 [main] INFO  com.epam.jwd.core_final.util.iostreamImpl.CrewReadFileStream  - Crew Malcolm Thornton was read from file
21-04-28 23:51:38 [main] INFO  com.epam.jwd.core_final.service.impl.CrewServiceImpl  - New crew member was added to collection
21-04-28 23:51:38 [main] INFO  com.epam.jwd.core_final.factory.impl.CrewMemberFactory  - New crew member CrewMember Annabella Lambert : id=31, role=FLIGHT_ENGINEER,  rank=CAPTAIN, ReadyForNextMission; was created successfully
21-04-28 23:51:38 [main] INFO  com.epam.jwd.core_final.util.iostreamImpl.CrewReadFileStream  - Crew Annabella Lambert was read from file
21-04-28 23:51:38 [main] INFO  com.epam.jwd.core_final.service.impl.CrewServiceImpl  - New crew member was added to collection
21-04-28 23:51:38 [main] INFO  com.epam.jwd.core_final.factory.impl.CrewMemberFactory  - New crew member CrewMember Mariana Lu : id=32, role=PILOT,  rank=FIRST_OFFICER, ReadyForNextMission; was created successfully
21-04-28 23:51:38 [main] INFO  com.epam.jwd.core_final.util.iostreamImpl.CrewReadFileStream  - Crew Mariana Lu was read from file
21-04-28 23:51:38 [main] INFO  com.epam.jwd.core_final.service.impl.CrewServiceImpl  - New crew member was added to collection
21-04-28 23:51:38 [main] INFO  com.epam.jwd.core_final.factory.impl.CrewMemberFactory  - New crew member CrewMember Asiyah Haines : id=33, role=FLIGHT_ENGINEER,  rank=TRAINEE, ReadyForNextMission; was created successfully
21-04-28 23:51:38 [main] INFO  com.epam.jwd.core_final.util.iostreamImpl.CrewReadFileStream  - Crew Asiyah Haines was read from file
21-04-28 23:51:38 [main] INFO  com.epam.jwd.core_final.service.impl.CrewServiceImpl  - New crew member was added to collection
21-04-28 23:51:38 [main] INFO  com.epam.jwd.core_final.factory.impl.CrewMemberFactory  - New crew member CrewMember Magdalena Mckinney : id=34, role=PILOT,  rank=CAPTAIN, ReadyForNextMission; was created successfully
21-04-28 23:51:38 [main] INFO  com.epam.jwd.core_final.util.iostreamImpl.CrewReadFileStream  - Crew Magdalena Mckinney was read from file
21-04-28 23:51:38 [main] INFO  com.epam.jwd.core_final.service.impl.CrewServiceImpl  - New crew member was added to collection
21-04-28 23:51:38 [main] INFO  com.epam.jwd.core_final.factory.impl.CrewMemberFactory  - New crew member CrewMember Kiran Burns : id=35, role=MISSION_SPECIALIST,  rank=SECOND_OFFICER, ReadyForNextMission; was created successfully
21-04-28 23:51:38 [main] INFO  com.epam.jwd.core_final.util.iostreamImpl.CrewReadFileStream  - Crew Kiran Burns was read from file
21-04-28 23:51:38 [main] INFO  com.epam.jwd.core_final.service.impl.CrewServiceImpl  - New crew member was added to collection
21-04-28 23:51:38 [main] INFO  com.epam.jwd.core_final.factory.impl.CrewMemberFactory  - New crew member CrewMember Neave Mustafa : id=36, role=FLIGHT_ENGINEER,  rank=FIRST_OFFICER, ReadyForNextMission; was created successfully
21-04-28 23:51:38 [main] INFO  com.epam.jwd.core_final.util.iostreamImpl.CrewReadFileStream  - Crew Neave Mustafa was read from file
21-04-28 23:51:38 [main] INFO  com.epam.jwd.core_final.service.impl.CrewServiceImpl  - New crew member was added to collection
21-04-28 23:51:38 [main] INFO  com.epam.jwd.core_final.factory.impl.CrewMemberFactory  - New crew member CrewMember Alistair Duncan : id=37, role=COMMANDER,  rank=SECOND_OFFICER, ReadyForNextMission; was created successfully
21-04-28 23:51:38 [main] INFO  com.epam.jwd.core_final.util.iostreamImpl.CrewReadFileStream  - Crew Alistair Duncan was read from file
21-04-28 23:51:38 [main] INFO  com.epam.jwd.core_final.service.impl.CrewServiceImpl  - New crew member was added to collection
21-04-28 23:51:38 [main] INFO  com.epam.jwd.core_final.factory.impl.CrewMemberFactory  - New crew member CrewMember Alfie Sosa : id=38, role=FLIGHT_ENGINEER,  rank=TRAINEE, ReadyForNextMission; was created successfully
21-04-28 23:51:38 [main] INFO  com.epam.jwd.core_final.util.iostreamImpl.CrewReadFileStream  - Crew Alfie Sosa was read from file
21-04-28 23:51:38 [main] INFO  com.epam.jwd.core_final.service.impl.CrewServiceImpl  - New crew member was added to collection
21-04-28 23:51:38 [main] INFO  com.epam.jwd.core_final.factory.impl.CrewMemberFactory  - New crew member CrewMember Beatrix Mcdonald : id=39, role=MISSION_SPECIALIST,  rank=TRAINEE, ReadyForNextMission; was created successfully
21-04-28 23:51:38 [main] INFO  com.epam.jwd.core_final.util.iostreamImpl.CrewReadFileStream  - Crew Beatrix Mcdonald was read from file
21-04-28 23:51:38 [main] INFO  com.epam.jwd.core_final.service.impl.CrewServiceImpl  - New crew member was added to collection
21-04-28 23:51:38 [main] INFO  com.epam.jwd.core_final.factory.impl.CrewMemberFactory  - New crew member CrewMember Karan Avalos : id=40, role=MISSION_SPECIALIST,  rank=TRAINEE, ReadyForNextMission; was created successfully
21-04-28 23:51:38 [main] INFO  com.epam.jwd.core_final.util.iostreamImpl.CrewReadFileStream  - Crew Karan Avalos was read from file
21-04-28 23:51:38 [main] INFO  com.epam.jwd.core_final.service.impl.CrewServiceImpl  - New crew member was added to collection
21-04-28 23:51:38 [main] INFO  com.epam.jwd.core_final.factory.impl.CrewMemberFactory  - New crew member CrewMember Alena Barr : id=41, role=PILOT,  rank=SECOND_OFFICER, ReadyForNextMission; was created successfully
21-04-28 23:51:38 [main] INFO  com.epam.jwd.core_final.util.iostreamImpl.CrewReadFileStream  - Crew Alena Barr was read from file
21-04-28 23:51:38 [main] INFO  com.epam.jwd.core_final.service.impl.CrewServiceImpl  - New crew member was added to collection
21-04-28 23:51:38 [main] INFO  com.epam.jwd.core_final.factory.impl.CrewMemberFactory  - New crew member CrewMember Anas Mcfarlane : id=42, role=COMMANDER,  rank=CAPTAIN, ReadyForNextMission; was created successfully
21-04-28 23:51:38 [main] INFO  com.epam.jwd.core_final.util.iostreamImpl.CrewReadFileStream  - Crew Anas Mcfarlane was read from file
21-04-28 23:51:38 [main] INFO  com.epam.jwd.core_final.service.impl.CrewServiceImpl  - New crew member was added to collection
21-04-28 23:51:38 [main] INFO  com.epam.jwd.core_final.factory.impl.CrewMemberFactory  - New crew member CrewMember Eoghan Broadhurst : id=43, role=COMMANDER,  rank=TRAINEE, ReadyForNextMission; was created successfully
21-04-28 23:51:38 [main] INFO  com.epam.jwd.core_final.util.iostreamImpl.CrewReadFileStream  - Crew Eoghan Broadhurst was read from file
21-04-28 23:51:38 [main] INFO  com.epam.jwd.core_final.service.impl.CrewServiceImpl  - New crew member was added to collection
21-04-28 23:51:38 [main] INFO  com.epam.jwd.core_final.factory.impl.CrewMemberFactory  - New crew member CrewMember Chaim Dolan : id=44, role=COMMANDER,  rank=CAPTAIN, ReadyForNextMission; was created successfully
21-04-28 23:51:38 [main] INFO  com.epam.jwd.core_final.util.iostreamImpl.CrewReadFileStream  - Crew Chaim Dolan was read from file
21-04-28 23:51:38 [main] INFO  com.epam.jwd.core_final.service.impl.CrewServiceImpl  - New crew member was added to collection
21-04-28 23:51:38 [main] INFO  com.epam.jwd.core_final.factory.impl.CrewMemberFactory  - New crew member CrewMember Huzaifa Vu : id=45, role=COMMANDER,  rank=TRAINEE, ReadyForNextMission; was created successfully
21-04-28 23:51:38 [main] INFO  com.epam.jwd.core_final.util.iostreamImpl.CrewReadFileStream  - Crew Huzaifa Vu was read from file
21-04-28 23:51:38 [main] INFO  com.epam.jwd.core_final.service.impl.CrewServiceImpl  - New crew member was added to collection
21-04-28 23:51:38 [main] INFO  com.epam.jwd.core_final.factory.impl.CrewMemberFactory  - New crew member CrewMember Marian Jaramillo : id=46, role=PILOT,  rank=SECOND_OFFICER, ReadyForNextMission; was created successfully
21-04-28 23:51:38 [main] INFO  com.epam.jwd.core_final.util.iostreamImpl.CrewReadFileStream  - Crew Marian Jaramillo was read from file
21-04-28 23:51:38 [main] INFO  com.epam.jwd.core_final.service.impl.CrewServiceImpl  - New crew member was added to collection
21-04-28 23:51:38 [main] INFO  com.epam.jwd.core_final.factory.impl.CrewMemberFactory  - New crew member CrewMember Elisabeth Gross : id=47, role=FLIGHT_ENGINEER,  rank=SECOND_OFFICER, ReadyForNextMission; was created successfully
21-04-28 23:51:38 [main] INFO  com.epam.jwd.core_final.util.iostreamImpl.CrewReadFileStream  - Crew Elisabeth Gross was read from file
21-04-28 23:51:38 [main] INFO  com.epam.jwd.core_final.service.impl.CrewServiceImpl  - New crew member was added to collection
21-04-28 23:51:38 [main] INFO  com.epam.jwd.core_final.factory.impl.CrewMemberFactory  - New crew member CrewMember Opal Webster : id=48, role=PILOT,  rank=TRAINEE, ReadyForNextMission; was created successfully
21-04-28 23:51:38 [main] INFO  com.epam.jwd.core_final.util.iostreamImpl.CrewReadFileStream  - Crew Opal Webster was read from file
21-04-28 23:51:38 [main] INFO  com.epam.jwd.core_final.service.impl.CrewServiceImpl  - New crew member was added to collection
21-04-28 23:51:38 [main] INFO  com.epam.jwd.core_final.factory.impl.CrewMemberFactory  - New crew member CrewMember Jordana Parker : id=49, role=PILOT,  rank=TRAINEE, ReadyForNextMission; was created successfully
21-04-28 23:51:38 [main] INFO  com.epam.jwd.core_final.util.iostreamImpl.CrewReadFileStream  - Crew Jordana Parker was read from file
21-04-28 23:51:38 [main] INFO  com.epam.jwd.core_final.service.impl.CrewServiceImpl  - New crew member was added to collection
21-04-28 23:51:38 [main] INFO  com.epam.jwd.core_final.factory.impl.CrewMemberFactory  - New crew member CrewMember Cynthia Briggs : id=50, role=COMMANDER,  rank=FIRST_OFFICER, ReadyForNextMission; was created successfully
21-04-28 23:51:38 [main] INFO  com.epam.jwd.core_final.util.iostreamImpl.CrewReadFileStream  - Crew Cynthia Briggs was read from file
21-04-28 23:51:38 [main] INFO  com.epam.jwd.core_final.service.impl.CrewServiceImpl  - New crew member was added to collection
21-04-28 23:51:38 [main] INFO  com.epam.jwd.core_final.factory.impl.CrewMemberFactory  - New crew member CrewMember Ida Calvert : id=51, role=COMMANDER,  rank=FIRST_OFFICER, ReadyForNextMission; was created successfully
21-04-28 23:51:38 [main] INFO  com.epam.jwd.core_final.util.iostreamImpl.CrewReadFileStream  - Crew Ida Calvert was read from file
21-04-28 23:51:38 [main] INFO  com.epam.jwd.core_final.service.impl.CrewServiceImpl  - New crew member was added to collection
21-04-28 23:51:38 [main] INFO  com.epam.jwd.core_final.factory.impl.CrewMemberFactory  - New crew member CrewMember Stefania Redmond : id=52, role=MISSION_SPECIALIST,  rank=CAPTAIN, ReadyForNextMission; was created successfully
21-04-28 23:51:38 [main] INFO  com.epam.jwd.core_final.util.iostreamImpl.CrewReadFileStream  - Crew Stefania Redmond was read from file
21-04-28 23:51:38 [main] INFO  com.epam.jwd.core_final.service.impl.CrewServiceImpl  - New crew member was added to collection
21-04-28 23:51:38 [main] INFO  com.epam.jwd.core_final.factory.impl.CrewMemberFactory  - New crew member CrewMember Riaz Hunter : id=53, role=COMMANDER,  rank=TRAINEE, ReadyForNextMission; was created successfully
21-04-28 23:51:38 [main] INFO  com.epam.jwd.core_final.util.iostreamImpl.CrewReadFileStream  - Crew Riaz Hunter was read from file
21-04-28 23:51:38 [main] INFO  com.epam.jwd.core_final.service.impl.CrewServiceImpl  - New crew member was added to collection
21-04-28 23:51:38 [main] INFO  com.epam.jwd.core_final.factory.impl.CrewMemberFactory  - New crew member CrewMember Ed Thatcher : id=54, role=FLIGHT_ENGINEER,  rank=FIRST_OFFICER, ReadyForNextMission; was created successfully
21-04-28 23:51:38 [main] INFO  com.epam.jwd.core_final.util.iostreamImpl.CrewReadFileStream  - Crew Ed Thatcher was read from file
21-04-28 23:51:38 [main] INFO  com.epam.jwd.core_final.service.impl.CrewServiceImpl  - New crew member was added to collection
21-04-28 23:51:38 [main] INFO  com.epam.jwd.core_final.factory.impl.CrewMemberFactory  - New crew member CrewMember Rowan Valenzuela : id=55, role=COMMANDER,  rank=TRAINEE, ReadyForNextMission; was created successfully
21-04-28 23:51:38 [main] INFO  com.epam.jwd.core_final.util.iostreamImpl.CrewReadFileStream  - Crew Rowan Valenzuela was read from file
21-04-28 23:51:38 [main] INFO  com.epam.jwd.core_final.service.impl.CrewServiceImpl  - New crew member was added to collection
21-04-28 23:51:38 [main] INFO  com.epam.jwd.core_final.factory.impl.CrewMemberFactory  - New crew member CrewMember Nazifa Jordan : id=56, role=PILOT,  rank=CAPTAIN, ReadyForNextMission; was created successfully
21-04-28 23:51:38 [main] INFO  com.epam.jwd.core_final.util.iostreamImpl.CrewReadFileStream  - Crew Nazifa Jordan was read from file
21-04-28 23:51:38 [main] INFO  com.epam.jwd.core_final.service.impl.CrewServiceImpl  - New crew member was added to collection
21-04-28 23:51:38 [main] INFO  com.epam.jwd.core_final.factory.impl.CrewMemberFactory  - New crew member CrewMember Jozef Braun : id=57, role=MISSION_SPECIALIST,  rank=FIRST_OFFICER, ReadyForNextMission; was created successfully
21-04-28 23:51:38 [main] INFO  com.epam.jwd.core_final.util.iostreamImpl.CrewReadFileStream  - Crew Jozef Braun was read from file
21-04-28 23:51:38 [main] INFO  com.epam.jwd.core_final.service.impl.CrewServiceImpl  - New crew member was added to collection
21-04-28 23:51:38 [main] INFO  com.epam.jwd.core_final.factory.impl.CrewMemberFactory  - New crew member CrewMember Nyle Sanders : id=58, role=FLIGHT_ENGINEER,  rank=TRAINEE, ReadyForNextMission; was created successfully
21-04-28 23:51:38 [main] INFO  com.epam.jwd.core_final.util.iostreamImpl.CrewReadFileStream  - Crew Nyle Sanders was read from file
21-04-28 23:51:38 [main] INFO  com.epam.jwd.core_final.service.impl.CrewServiceImpl  - New crew member was added to collection
21-04-28 23:51:38 [main] INFO  com.epam.jwd.core_final.factory.impl.CrewMemberFactory  - New crew member CrewMember Krisha Nairn : id=59, role=COMMANDER,  rank=FIRST_OFFICER, ReadyForNextMission; was created successfully
21-04-28 23:51:38 [main] INFO  com.epam.jwd.core_final.util.iostreamImpl.CrewReadFileStream  - Crew Krisha Nairn was read from file
21-04-28 23:51:38 [main] INFO  com.epam.jwd.core_final.service.impl.CrewServiceImpl  - New crew member was added to collection
21-04-28 23:51:38 [main] INFO  com.epam.jwd.core_final.factory.impl.CrewMemberFactory  - New crew member CrewMember Nusaybah Buck : id=60, role=FLIGHT_ENGINEER,  rank=CAPTAIN, ReadyForNextMission; was created successfully
21-04-28 23:51:38 [main] INFO  com.epam.jwd.core_final.util.iostreamImpl.CrewReadFileStream  - Crew Nusaybah Buck was read from file
21-04-28 23:51:38 [main] INFO  com.epam.jwd.core_final.service.impl.CrewServiceImpl  - New crew member was added to collection
21-04-28 23:51:38 [main] INFO  com.epam.jwd.core_final.factory.impl.CrewMemberFactory  - New crew member CrewMember Haleema Wills : id=61, role=FLIGHT_ENGINEER,  rank=SECOND_OFFICER, ReadyForNextMission; was created successfully
21-04-28 23:51:38 [main] INFO  com.epam.jwd.core_final.util.iostreamImpl.CrewReadFileStream  - Crew Haleema Wills was read from file
21-04-28 23:51:38 [main] INFO  com.epam.jwd.core_final.service.impl.CrewServiceImpl  - New crew member was added to collection
21-04-28 23:51:38 [main] INFO  com.epam.jwd.core_final.factory.impl.CrewMemberFactory  - New crew member CrewMember Faraz Truong : id=62, role=COMMANDER,  rank=FIRST_OFFICER, ReadyForNextMission; was created successfully
21-04-28 23:51:38 [main] INFO  com.epam.jwd.core_final.util.iostreamImpl.CrewReadFileStream  - Crew Faraz Truong was read from file
21-04-28 23:51:38 [main] INFO  com.epam.jwd.core_final.service.impl.CrewServiceImpl  - New crew member was added to collection
21-04-28 23:51:38 [main] INFO  com.epam.jwd.core_final.factory.impl.CrewMemberFactory  - New crew member CrewMember Viktor Houghton : id=63, role=PILOT,  rank=SECOND_OFFICER, ReadyForNextMission; was created successfully
21-04-28 23:51:38 [main] INFO  com.epam.jwd.core_final.util.iostreamImpl.CrewReadFileStream  - Crew Viktor Houghton was read from file
21-04-28 23:51:38 [main] INFO  com.epam.jwd.core_final.service.impl.CrewServiceImpl  - New crew member was added to collection
21-04-28 23:51:38 [main] INFO  com.epam.jwd.core_final.factory.impl.CrewMemberFactory  - New crew member CrewMember Efa Obrien : id=64, role=PILOT,  rank=CAPTAIN, ReadyForNextMission; was created successfully
21-04-28 23:51:38 [main] INFO  com.epam.jwd.core_final.util.iostreamImpl.CrewReadFileStream  - Crew Efa Obrien was read from file
21-04-28 23:51:38 [main] INFO  com.epam.jwd.core_final.service.impl.CrewServiceImpl  - New crew member was added to collection
21-04-28 23:51:38 [main] INFO  com.epam.jwd.core_final.factory.impl.CrewMemberFactory  - New crew member CrewMember Martyna Hale : id=65, role=PILOT,  rank=FIRST_OFFICER, ReadyForNextMission; was created successfully
21-04-28 23:51:38 [main] INFO  com.epam.jwd.core_final.util.iostreamImpl.CrewReadFileStream  - Crew Martyna Hale was read from file
21-04-28 23:51:38 [main] INFO  com.epam.jwd.core_final.service.impl.CrewServiceImpl  - New crew member was added to collection
21-04-28 23:51:38 [main] INFO  com.epam.jwd.core_final.factory.impl.CrewMemberFactory  - New crew member CrewMember Emelie Shepard : id=66, role=MISSION_SPECIALIST,  rank=SECOND_OFFICER, ReadyForNextMission; was created successfully
21-04-28 23:51:38 [main] INFO  com.epam.jwd.core_final.util.iostreamImpl.CrewReadFileStream  - Crew Emelie Shepard was read from file
21-04-28 23:51:38 [main] INFO  com.epam.jwd.core_final.service.impl.CrewServiceImpl  - New crew member was added to collection
21-04-28 23:51:38 [main] INFO  com.epam.jwd.core_final.factory.impl.CrewMemberFactory  - New crew member CrewMember Om Currie : id=67, role=FLIGHT_ENGINEER,  rank=CAPTAIN, ReadyForNextMission; was created successfully
21-04-28 23:51:38 [main] INFO  com.epam.jwd.core_final.util.iostreamImpl.CrewReadFileStream  - Crew Om Currie was read from file
21-04-28 23:51:38 [main] INFO  com.epam.jwd.core_final.service.impl.CrewServiceImpl  - New crew member was added to collection
21-04-28 23:51:38 [main] INFO  com.epam.jwd.core_final.factory.impl.CrewMemberFactory  - New crew member CrewMember Tj Guthrie : id=68, role=MISSION_SPECIALIST,  rank=CAPTAIN, ReadyForNextMission; was created successfully
21-04-28 23:51:38 [main] INFO  com.epam.jwd.core_final.util.iostreamImpl.CrewReadFileStream  - Crew Tj Guthrie was read from file
21-04-28 23:51:38 [main] INFO  com.epam.jwd.core_final.service.impl.CrewServiceImpl  - New crew member was added to collection
21-04-28 23:51:38 [main] INFO  com.epam.jwd.core_final.factory.impl.CrewMemberFactory  - New crew member CrewMember Harlee Mata : id=69, role=FLIGHT_ENGINEER,  rank=FIRST_OFFICER, ReadyForNextMission; was created successfully
21-04-28 23:51:38 [main] INFO  com.epam.jwd.core_final.util.iostreamImpl.CrewReadFileStream  - Crew Harlee Mata was read from file
21-04-28 23:51:38 [main] INFO  com.epam.jwd.core_final.service.impl.CrewServiceImpl  - New crew member was added to collection
21-04-28 23:51:38 [main] INFO  com.epam.jwd.core_final.factory.impl.CrewMemberFactory  - New crew member CrewMember Jesse Thomson : id=70, role=PILOT,  rank=TRAINEE, ReadyForNextMission; was created successfully
21-04-28 23:51:38 [main] INFO  com.epam.jwd.core_final.util.iostreamImpl.CrewReadFileStream  - Crew Jesse Thomson was read from file
21-04-28 23:51:38 [main] INFO  com.epam.jwd.core_final.service.impl.CrewServiceImpl  - New crew member was added to collection
21-04-28 23:51:38 [main] INFO  com.epam.jwd.core_final.factory.impl.CrewMemberFactory  - New crew member CrewMember Primrose Tierney : id=71, role=MISSION_SPECIALIST,  rank=CAPTAIN, ReadyForNextMission; was created successfully
21-04-28 23:51:38 [main] INFO  com.epam.jwd.core_final.util.iostreamImpl.CrewReadFileStream  - Crew Primrose Tierney was read from file
21-04-28 23:51:38 [main] INFO  com.epam.jwd.core_final.service.impl.CrewServiceImpl  - New crew member was added to collection
21-04-28 23:51:38 [main] INFO  com.epam.jwd.core_final.factory.impl.CrewMemberFactory  - New crew member CrewMember Eesha Cuevas : id=72, role=MISSION_SPECIALIST,  rank=SECOND_OFFICER, ReadyForNextMission; was created successfully
21-04-28 23:51:38 [main] INFO  com.epam.jwd.core_final.util.iostreamImpl.CrewReadFileStream  - Crew Eesha Cuevas was read from file
21-04-28 23:51:38 [main] INFO  com.epam.jwd.core_final.service.impl.CrewServiceImpl  - New crew member was added to collection
21-04-28 23:51:38 [main] INFO  com.epam.jwd.core_final.factory.impl.CrewMemberFactory  - New crew member CrewMember Akeel Levine : id=73, role=FLIGHT_ENGINEER,  rank=TRAINEE, ReadyForNextMission; was created successfully
21-04-28 23:51:38 [main] INFO  com.epam.jwd.core_final.util.iostreamImpl.CrewReadFileStream  - Crew Akeel Levine was read from file
21-04-28 23:51:38 [main] INFO  com.epam.jwd.core_final.service.impl.CrewServiceImpl  - New crew member was added to collection
21-04-28 23:51:38 [main] INFO  com.epam.jwd.core_final.factory.impl.CrewMemberFactory  - New crew member CrewMember Liyah Novak : id=74, role=MISSION_SPECIALIST,  rank=FIRST_OFFICER, ReadyForNextMission; was created successfully
21-04-28 23:51:38 [main] INFO  com.epam.jwd.core_final.util.iostreamImpl.CrewReadFileStream  - Crew Liyah Novak was read from file
21-04-28 23:51:38 [main] INFO  com.epam.jwd.core_final.service.impl.CrewServiceImpl  - New crew member was added to collection
21-04-28 23:51:38 [main] INFO  com.epam.jwd.core_final.factory.impl.CrewMemberFactory  - New crew member CrewMember Nieve Oconnor : id=75, role=COMMANDER,  rank=TRAINEE, ReadyForNextMission; was created successfully
21-04-28 23:51:38 [main] INFO  com.epam.jwd.core_final.util.iostreamImpl.CrewReadFileStream  - Crew Nieve Oconnor was read from file
21-04-28 23:51:38 [main] INFO  com.epam.jwd.core_final.service.impl.CrewServiceImpl  - New crew member was added to collection
21-04-28 23:51:38 [main] INFO  com.epam.jwd.core_final.factory.impl.CrewMemberFactory  - New crew member CrewMember Hanan Bowman : id=76, role=PILOT,  rank=TRAINEE, ReadyForNextMission; was created successfully
21-04-28 23:51:38 [main] INFO  com.epam.jwd.core_final.util.iostreamImpl.CrewReadFileStream  - Crew Hanan Bowman was read from file
21-04-28 23:51:38 [main] INFO  com.epam.jwd.core_final.service.impl.CrewServiceImpl  - New crew member was added to collection
21-04-28 23:51:38 [main] INFO  com.epam.jwd.core_final.factory.impl.CrewMemberFactory  - New crew member CrewMember Walid Contreras : id=77, role=MISSION_SPECIALIST,  rank=SECOND_OFFICER, ReadyForNextMission; was created successfully
21-04-28 23:51:38 [main] INFO  com.epam.jwd.core_final.util.iostreamImpl.CrewReadFileStream  - Crew Walid Contreras was read from file
21-04-28 23:51:38 [main] INFO  com.epam.jwd.core_final.service.impl.CrewServiceImpl  - New crew member was added to collection
21-04-28 23:51:38 [main] INFO  com.epam.jwd.core_final.factory.impl.CrewMemberFactory  - New crew member CrewMember Maximus Brandt : id=78, role=PILOT,  rank=FIRST_OFFICER, ReadyForNextMission; was created successfully
21-04-28 23:51:38 [main] INFO  com.epam.jwd.core_final.util.iostreamImpl.CrewReadFileStream  - Crew Maximus Brandt was read from file
21-04-28 23:51:38 [main] INFO  com.epam.jwd.core_final.service.impl.CrewServiceImpl  - New crew member was added to collection
21-04-28 23:51:38 [main] INFO  com.epam.jwd.core_final.factory.impl.CrewMemberFactory  - New crew member CrewMember Ellie-Louise Burt : id=79, role=MISSION_SPECIALIST,  rank=TRAINEE, ReadyForNextMission; was created successfully
21-04-28 23:51:38 [main] INFO  com.epam.jwd.core_final.util.iostreamImpl.CrewReadFileStream  - Crew Ellie-Louise Burt was read from file
21-04-28 23:51:38 [main] INFO  com.epam.jwd.core_final.service.impl.CrewServiceImpl  - New crew member was added to collection
21-04-28 23:51:38 [main] INFO  com.epam.jwd.core_final.factory.impl.CrewMemberFactory  - New crew member CrewMember Maisy Perez : id=80, role=PILOT,  rank=FIRST_OFFICER, ReadyForNextMission; was created successfully
21-04-28 23:51:38 [main] INFO  com.epam.jwd.core_final.util.iostreamImpl.CrewReadFileStream  - Crew Maisy Perez was read from file
21-04-28 23:51:38 [main] INFO  com.epam.jwd.core_final.service.impl.CrewServiceImpl  - New crew member was added to collection
21-04-28 23:51:38 [main] INFO  com.epam.jwd.core_final.factory.impl.CrewMemberFactory  - New crew member CrewMember Aiza Derrick : id=81, role=COMMANDER,  rank=TRAINEE, ReadyForNextMission; was created successfully
21-04-28 23:51:38 [main] INFO  com.epam.jwd.core_final.util.iostreamImpl.CrewReadFileStream  - Crew Aiza Derrick was read from file
21-04-28 23:51:38 [main] INFO  com.epam.jwd.core_final.service.impl.CrewServiceImpl  - New crew member was added to collection
21-04-28 23:51:38 [main] INFO  com.epam.jwd.core_final.factory.impl.CrewMemberFactory  - New crew member CrewMember Kason Forster : id=82, role=COMMANDER,  rank=TRAINEE, ReadyForNextMission; was created successfully
21-04-28 23:51:38 [main] INFO  com.epam.jwd.core_final.util.iostreamImpl.CrewReadFileStream  - Crew Kason Forster was read from file
21-04-28 23:51:38 [main] INFO  com.epam.jwd.core_final.service.impl.CrewServiceImpl  - New crew member was added to collection
21-04-28 23:51:38 [main] INFO  com.epam.jwd.core_final.factory.impl.CrewMemberFactory  - New crew member CrewMember Marwa Camacho : id=83, role=PILOT,  rank=CAPTAIN, ReadyForNextMission; was created successfully
21-04-28 23:51:38 [main] INFO  com.epam.jwd.core_final.util.iostreamImpl.CrewReadFileStream  - Crew Marwa Camacho was read from file
21-04-28 23:51:38 [main] INFO  com.epam.jwd.core_final.service.impl.CrewServiceImpl  - New crew member was added to collection
21-04-28 23:51:38 [main] INFO  com.epam.jwd.core_final.factory.impl.CrewMemberFactory  - New crew member CrewMember Lemar Gray : id=84, role=MISSION_SPECIALIST,  rank=SECOND_OFFICER, ReadyForNextMission; was created successfully
21-04-28 23:51:38 [main] INFO  com.epam.jwd.core_final.util.iostreamImpl.CrewReadFileStream  - Crew Lemar Gray was read from file
21-04-28 23:51:38 [main] INFO  com.epam.jwd.core_final.service.impl.CrewServiceImpl  - New crew member was added to collection
21-04-28 23:51:38 [main] INFO  com.epam.jwd.core_final.factory.impl.CrewMemberFactory  - New crew member CrewMember Carwyn Simmons : id=85, role=FLIGHT_ENGINEER,  rank=FIRST_OFFICER, ReadyForNextMission; was created successfully
21-04-28 23:51:38 [main] INFO  com.epam.jwd.core_final.util.iostreamImpl.CrewReadFileStream  - Crew Carwyn Simmons was read from file
21-04-28 23:51:38 [main] INFO  com.epam.jwd.core_final.service.impl.CrewServiceImpl  - New crew member was added to collection
21-04-28 23:51:38 [main] INFO  com.epam.jwd.core_final.factory.impl.CrewMemberFactory  - New crew member CrewMember Kirstie Kaufman : id=86, role=COMMANDER,  rank=FIRST_OFFICER, ReadyForNextMission; was created successfully
21-04-28 23:51:38 [main] INFO  com.epam.jwd.core_final.util.iostreamImpl.CrewReadFileStream  - Crew Kirstie Kaufman was read from file
21-04-28 23:51:38 [main] INFO  com.epam.jwd.core_final.service.impl.CrewServiceImpl  - New crew member was added to collection
21-04-28 23:51:38 [main] INFO  com.epam.jwd.core_final.factory.impl.CrewMemberFactory  - New crew member CrewMember Dani Sykes : id=87, role=MISSION_SPECIALIST,  rank=TRAINEE, ReadyForNextMission; was created successfully
21-04-28 23:51:38 [main] INFO  com.epam.jwd.core_final.util.iostreamImpl.CrewReadFileStream  - Crew Dani Sykes was read from file
21-04-28 23:51:38 [main] INFO  com.epam.jwd.core_final.service.impl.CrewServiceImpl  - New crew member was added to collection
21-04-28 23:51:38 [main] INFO  com.epam.jwd.core_final.factory.impl.CrewMemberFactory  - New crew member CrewMember Jermaine Hester : id=88, role=MISSION_SPECIALIST,  rank=CAPTAIN, ReadyForNextMission; was created successfully
21-04-28 23:51:38 [main] INFO  com.epam.jwd.core_final.util.iostreamImpl.CrewReadFileStream  - Crew Jermaine Hester was read from file
21-04-28 23:51:38 [main] INFO  com.epam.jwd.core_final.service.impl.CrewServiceImpl  - New crew member was added to collection
21-04-28 23:51:38 [main] INFO  com.epam.jwd.core_final.factory.impl.CrewMemberFactory  - New crew member CrewMember Augustus Moss : id=89, role=PILOT,  rank=TRAINEE, ReadyForNextMission; was created successfully
21-04-28 23:51:38 [main] INFO  com.epam.jwd.core_final.util.iostreamImpl.CrewReadFileStream  - Crew Augustus Moss was read from file
21-04-28 23:51:38 [main] INFO  com.epam.jwd.core_final.service.impl.CrewServiceImpl  - New crew member was added to collection
21-04-28 23:51:38 [main] INFO  com.epam.jwd.core_final.factory.impl.CrewMemberFactory  - New crew member CrewMember Kenzie Magana : id=90, role=COMMANDER,  rank=CAPTAIN, ReadyForNextMission; was created successfully
21-04-28 23:51:38 [main] INFO  com.epam.jwd.core_final.util.iostreamImpl.CrewReadFileStream  - Crew Kenzie Magana was read from file
21-04-28 23:51:38 [main] INFO  com.epam.jwd.core_final.service.impl.CrewServiceImpl  - New crew member was added to collection
21-04-28 23:51:38 [main] INFO  com.epam.jwd.core_final.factory.impl.CrewMemberFactory  - New crew member CrewMember Zunaira Adams : id=91, role=FLIGHT_ENGINEER,  rank=TRAINEE, ReadyForNextMission; was created successfully
21-04-28 23:51:38 [main] INFO  com.epam.jwd.core_final.util.iostreamImpl.CrewReadFileStream  - Crew Zunaira Adams was read from file
21-04-28 23:51:38 [main] INFO  com.epam.jwd.core_final.service.impl.CrewServiceImpl  - New crew member was added to collection
21-04-28 23:51:38 [main] INFO  com.epam.jwd.core_final.factory.impl.CrewMemberFactory  - New crew member CrewMember Heather Clarke : id=92, role=PILOT,  rank=CAPTAIN, ReadyForNextMission; was created successfully
21-04-28 23:51:38 [main] INFO  com.epam.jwd.core_final.util.iostreamImpl.CrewReadFileStream  - Crew Heather Clarke was read from file
21-04-28 23:51:38 [main] INFO  com.epam.jwd.core_final.service.impl.CrewServiceImpl  - New crew member was added to collection
21-04-28 23:51:38 [main] INFO  com.epam.jwd.core_final.factory.impl.CrewMemberFactory  - New crew member CrewMember Serenity Gamble : id=93, role=PILOT,  rank=SECOND_OFFICER, ReadyForNextMission; was created successfully
21-04-28 23:51:38 [main] INFO  com.epam.jwd.core_final.util.iostreamImpl.CrewReadFileStream  - Crew Serenity Gamble was read from file
21-04-28 23:51:38 [main] INFO  com.epam.jwd.core_final.service.impl.CrewServiceImpl  - New crew member was added to collection
21-04-28 23:51:38 [main] INFO  com.epam.jwd.core_final.factory.impl.CrewMemberFactory  - New crew member CrewMember Manal Dennis : id=94, role=COMMANDER,  rank=SECOND_OFFICER, ReadyForNextMission; was created successfully
21-04-28 23:51:38 [main] INFO  com.epam.jwd.core_final.util.iostreamImpl.CrewReadFileStream  - Crew Manal Dennis was read from file
21-04-28 23:51:38 [main] INFO  com.epam.jwd.core_final.service.impl.CrewServiceImpl  - New crew member was added to collection
21-04-28 23:51:38 [main] INFO  com.epam.jwd.core_final.factory.impl.CrewMemberFactory  - New crew member CrewMember Ravi Gibbons : id=95, role=COMMANDER,  rank=SECOND_OFFICER, ReadyForNextMission; was created successfully
21-04-28 23:51:38 [main] INFO  com.epam.jwd.core_final.util.iostreamImpl.CrewReadFileStream  - Crew Ravi Gibbons was read from file
21-04-28 23:51:38 [main] INFO  com.epam.jwd.core_final.service.impl.CrewServiceImpl  - New crew member was added to collection
21-04-28 23:51:38 [main] INFO  com.epam.jwd.core_final.factory.impl.CrewMemberFactory  - New crew member CrewMember Matthew Sheehan : id=96, role=COMMANDER,  rank=TRAINEE, ReadyForNextMission; was created successfully
21-04-28 23:51:38 [main] INFO  com.epam.jwd.core_final.util.iostreamImpl.CrewReadFileStream  - Crew Matthew Sheehan was read from file
21-04-28 23:51:38 [main] INFO  com.epam.jwd.core_final.service.impl.CrewServiceImpl  - New crew member was added to collection
21-04-28 23:51:38 [main] INFO  com.epam.jwd.core_final.factory.impl.CrewMemberFactory  - New crew member CrewMember Sally Gonzales : id=97, role=FLIGHT_ENGINEER,  rank=CAPTAIN, ReadyForNextMission; was created successfully
21-04-28 23:51:38 [main] INFO  com.epam.jwd.core_final.util.iostreamImpl.CrewReadFileStream  - Crew Sally Gonzales was read from file
21-04-28 23:51:38 [main] INFO  com.epam.jwd.core_final.service.impl.CrewServiceImpl  - New crew member was added to collection
21-04-28 23:51:38 [main] INFO  com.epam.jwd.core_final.factory.impl.CrewMemberFactory  - New crew member CrewMember Jordyn Henson : id=98, role=MISSION_SPECIALIST,  rank=SECOND_OFFICER, ReadyForNextMission; was created successfully
21-04-28 23:51:38 [main] INFO  com.epam.jwd.core_final.util.iostreamImpl.CrewReadFileStream  - Crew Jordyn Henson was read from file
21-04-28 23:51:38 [main] INFO  com.epam.jwd.core_final.service.impl.CrewServiceImpl  - New crew member was added to collection
21-04-28 23:51:38 [main] INFO  com.epam.jwd.core_final.factory.impl.CrewMemberFactory  - New crew member CrewMember Britney Dunn : id=99, role=FLIGHT_ENGINEER,  rank=TRAINEE, ReadyForNextMission; was created successfully
21-04-28 23:51:38 [main] INFO  com.epam.jwd.core_final.util.iostreamImpl.CrewReadFileStream  - Crew Britney Dunn was read from file
21-04-28 23:51:38 [main] INFO  com.epam.jwd.core_final.service.impl.CrewServiceImpl  - New crew member was added to collection
21-04-28 23:51:38 [main] INFO  com.epam.jwd.core_final.factory.impl.CrewMemberFactory  - New crew member CrewMember Shayan Mclellan : id=100, role=COMMANDER,  rank=TRAINEE, ReadyForNextMission; was created successfully
21-04-28 23:51:38 [main] INFO  com.epam.jwd.core_final.util.iostreamImpl.CrewReadFileStream  - Crew Shayan Mclellan was read from file
21-04-28 23:51:38 [main] INFO  com.epam.jwd.core_final.service.impl.SpaceshipServiceImpl  - New spaceship was added to collection
21-04-28 23:51:38 [main] INFO  com.epam.jwd.core_final.factory.impl.SpaceshipFactory  - New spaceship Spaceship Challenger : id=101, flightDistance=201117 ReadyForNextMission
Crew = { PILOT:3 COMMANDER:3 MISSION_SPECIALIST:5 FLIGHT_ENGINEER:9 }; was created successfully
21-04-28 23:51:38 [main] INFO  com.epam.jwd.core_final.util.iostreamImpl.SpaceshipReadFileStream  - Spaceship Challenger was read from file
21-04-28 23:51:38 [main] INFO  com.epam.jwd.core_final.service.impl.SpaceshipServiceImpl  - New spaceship was added to collection
21-04-28 23:51:38 [main] INFO  com.epam.jwd.core_final.factory.impl.SpaceshipFactory  - New spaceship Spaceship Intelligence : id=102, flightDistance=758717 ReadyForNextMission
Crew = { PILOT:4 COMMANDER:1 MISSION_SPECIALIST:7 FLIGHT_ENGINEER:8 }; was created successfully
21-04-28 23:51:38 [main] INFO  com.epam.jwd.core_final.util.iostreamImpl.SpaceshipReadFileStream  - Spaceship Intelligence was read from file
21-04-28 23:51:38 [main] INFO  com.epam.jwd.core_final.service.impl.SpaceshipServiceImpl  - New spaceship was added to collection
21-04-28 23:51:38 [main] INFO  com.epam.jwd.core_final.factory.impl.SpaceshipFactory  - New spaceship Spaceship Philadelphia : id=103, flightDistance=4870 ReadyForNextMission
Crew = { PILOT:4 COMMANDER:2 MISSION_SPECIALIST:4 FLIGHT_ENGINEER:8 }; was created successfully
21-04-28 23:51:38 [main] INFO  com.epam.jwd.core_final.util.iostreamImpl.SpaceshipReadFileStream  - Spaceship Philadelphia was read from file
21-04-28 23:51:38 [main] INFO  com.epam.jwd.core_final.service.impl.SpaceshipServiceImpl  - New spaceship was added to collection
21-04-28 23:51:38 [main] INFO  com.epam.jwd.core_final.factory.impl.SpaceshipFactory  - New spaceship Spaceship Sparta : id=104, flightDistance=754471 ReadyForNextMission
Crew = { PILOT:2 COMMANDER:1 MISSION_SPECIALIST:7 FLIGHT_ENGINEER:7 }; was created successfully
21-04-28 23:51:38 [main] INFO  com.epam.jwd.core_final.util.iostreamImpl.SpaceshipReadFileStream  - Spaceship Sparta was read from file
21-04-28 23:51:38 [main] INFO  com.epam.jwd.core_final.service.impl.SpaceshipServiceImpl  - New spaceship was added to collection
21-04-28 23:51:38 [main] INFO  com.epam.jwd.core_final.factory.impl.SpaceshipFactory  - New spaceship Spaceship Guardian : id=105, flightDistance=910740 ReadyForNextMission
Crew = { PILOT:2 COMMANDER:1 MISSION_SPECIALIST:8 FLIGHT_ENGINEER:9 }; was created successfully
21-04-28 23:51:38 [main] INFO  com.epam.jwd.core_final.util.iostreamImpl.SpaceshipReadFileStream  - Spaceship Guardian was read from file
21-04-28 23:51:38 [main] INFO  com.epam.jwd.core_final.service.impl.SpaceshipServiceImpl  - New spaceship was added to collection
21-04-28 23:51:38 [main] INFO  com.epam.jwd.core_final.factory.impl.SpaceshipFactory  - New spaceship Spaceship CS Adder : id=106, flightDistance=472285 ReadyForNextMission
Crew = { PILOT:2 COMMANDER:2 MISSION_SPECIALIST:9 FLIGHT_ENGINEER:7 }; was created successfully
21-04-28 23:51:38 [main] INFO  com.epam.jwd.core_final.util.iostreamImpl.SpaceshipReadFileStream  - Spaceship CS Adder was read from file
21-04-28 23:51:38 [main] INFO  com.epam.jwd.core_final.service.impl.SpaceshipServiceImpl  - New spaceship was added to collection
21-04-28 23:51:38 [main] INFO  com.epam.jwd.core_final.factory.impl.SpaceshipFactory  - New spaceship Spaceship LWSS Ural : id=107, flightDistance=107011 ReadyForNextMission
Crew = { PILOT:4 COMMANDER:1 MISSION_SPECIALIST:5 FLIGHT_ENGINEER:7 }; was created successfully
21-04-28 23:51:38 [main] INFO  com.epam.jwd.core_final.util.iostreamImpl.SpaceshipReadFileStream  - Spaceship LWSS Ural was read from file
21-04-28 23:51:38 [main] INFO  com.epam.jwd.core_final.service.impl.SpaceshipServiceImpl  - New spaceship was added to collection
21-04-28 23:51:38 [main] INFO  com.epam.jwd.core_final.factory.impl.SpaceshipFactory  - New spaceship Spaceship SS Escorial : id=108, flightDistance=287032 ReadyForNextMission
Crew = { PILOT:3 COMMANDER:2 MISSION_SPECIALIST:4 FLIGHT_ENGINEER:8 }; was created successfully
21-04-28 23:51:38 [main] INFO  com.epam.jwd.core_final.util.iostreamImpl.SpaceshipReadFileStream  - Spaceship SS Escorial was read from file
21-04-28 23:51:38 [main] INFO  com.epam.jwd.core_final.service.impl.SpaceshipServiceImpl  - New spaceship was added to collection
21-04-28 23:51:38 [main] INFO  com.epam.jwd.core_final.factory.impl.SpaceshipFactory  - New spaceship Spaceship HMS Royal : id=109, flightDistance=449967 ReadyForNextMission
Crew = { PILOT:2 COMMANDER:2 MISSION_SPECIALIST:6 FLIGHT_ENGINEER:9 }; was created successfully
21-04-28 23:51:38 [main] INFO  com.epam.jwd.core_final.util.iostreamImpl.SpaceshipReadFileStream  - Spaceship HMS Royal was read from file
21-04-28 23:51:38 [main] INFO  com.epam.jwd.core_final.service.impl.SpaceshipServiceImpl  - New spaceship was added to collection
21-04-28 23:51:38 [main] INFO  com.epam.jwd.core_final.factory.impl.SpaceshipFactory  - New spaceship Spaceship HMS Nightfal : id=110, flightDistance=826146 ReadyForNextMission
Crew = { PILOT:3 COMMANDER:2 MISSION_SPECIALIST:4 FLIGHT_ENGINEER:6 }; was created successfully
21-04-28 23:51:38 [main] INFO  com.epam.jwd.core_final.util.iostreamImpl.SpaceshipReadFileStream  - Spaceship HMS Nightfal was read from file
21-04-28 23:51:38 [main] INFO  com.epam.jwd.core_final.service.impl.SpaceshipServiceImpl  - New spaceship was added to collection
21-04-28 23:51:38 [main] INFO  com.epam.jwd.core_final.factory.impl.SpaceshipFactory  - New spaceship Spaceship Wolf : id=111, flightDistance=739151 ReadyForNextMission
Crew = { PILOT:4 COMMANDER:2 MISSION_SPECIALIST:9 FLIGHT_ENGINEER:9 }; was created successfully
21-04-28 23:51:38 [main] INFO  com.epam.jwd.core_final.util.iostreamImpl.SpaceshipReadFileStream  - Spaceship Wolf was read from file
21-04-28 23:51:38 [main] INFO  com.epam.jwd.core_final.service.impl.SpaceshipServiceImpl  - New spaceship was added to collection
21-04-28 23:51:38 [main] INFO  com.epam.jwd.core_final.factory.impl.SpaceshipFactory  - New spaceship Spaceship Providence : id=112, flightDistance=160265 ReadyForNextMission
Crew = { PILOT:4 COMMANDER:3 MISSION_SPECIALIST:5 FLIGHT_ENGINEER:5 }; was created successfully
21-04-28 23:51:38 [main] INFO  com.epam.jwd.core_final.util.iostreamImpl.SpaceshipReadFileStream  - Spaceship Providence was read from file
21-04-28 23:51:38 [main] INFO  com.epam.jwd.core_final.service.impl.SpaceshipServiceImpl  - New spaceship was added to collection
21-04-28 23:51:38 [main] INFO  com.epam.jwd.core_final.factory.impl.SpaceshipFactory  - New spaceship Spaceship Spider : id=113, flightDistance=568205 ReadyForNextMission
Crew = { PILOT:2 COMMANDER:2 MISSION_SPECIALIST:8 FLIGHT_ENGINEER:5 }; was created successfully
21-04-28 23:51:38 [main] INFO  com.epam.jwd.core_final.util.iostreamImpl.SpaceshipReadFileStream  - Spaceship Spider was read from file
21-04-28 23:51:38 [main] INFO  com.epam.jwd.core_final.service.impl.SpaceshipServiceImpl  - New spaceship was added to collection
21-04-28 23:51:38 [main] INFO  com.epam.jwd.core_final.factory.impl.SpaceshipFactory  - New spaceship Spaceship Invincible : id=114, flightDistance=375415 ReadyForNextMission
Crew = { PILOT:4 COMMANDER:1 MISSION_SPECIALIST:7 FLIGHT_ENGINEER:5 }; was created successfully
21-04-28 23:51:38 [main] INFO  com.epam.jwd.core_final.util.iostreamImpl.SpaceshipReadFileStream  - Spaceship Invincible was read from file
21-04-28 23:51:38 [main] INFO  com.epam.jwd.core_final.util.iostreamImpl.SpaceshipReadFileStream  - Spaceship with name Wolf already exists
21-04-28 23:51:38 [main] INFO  com.epam.jwd.core_final.service.impl.SpaceshipServiceImpl  - New spaceship was added to collection
21-04-28 23:51:38 [main] INFO  com.epam.jwd.core_final.factory.impl.SpaceshipFactory  - New spaceship Spaceship STS Angel : id=116, flightDistance=749611 ReadyForNextMission
Crew = { PILOT:3 COMMANDER:1 MISSION_SPECIALIST:8 FLIGHT_ENGINEER:5 }; was created successfully
21-04-28 23:51:38 [main] INFO  com.epam.jwd.core_final.util.iostreamImpl.SpaceshipReadFileStream  - Spaceship STS Angel was read from file
21-04-28 23:51:38 [main] INFO  com.epam.jwd.core_final.service.impl.SpaceshipServiceImpl  - New spaceship was added to collection
21-04-28 23:51:38 [main] INFO  com.epam.jwd.core_final.factory.impl.SpaceshipFactory  - New spaceship Spaceship HMS Twilight : id=117, flightDistance=204263 ReadyForNextMission
Crew = { PILOT:4 COMMANDER:3 MISSION_SPECIALIST:6 FLIGHT_ENGINEER:5 }; was created successfully
21-04-28 23:51:38 [main] INFO  com.epam.jwd.core_final.util.iostreamImpl.SpaceshipReadFileStream  - Spaceship HMS Twilight was read from file
21-04-28 23:51:38 [main] INFO  com.epam.jwd.core_final.service.impl.SpaceshipServiceImpl  - New spaceship was added to collection
21-04-28 23:51:38 [main] INFO  com.epam.jwd.core_final.factory.impl.SpaceshipFactory  - New spaceship Spaceship ISS Diplomat : id=118, flightDistance=793162 ReadyForNextMission
Crew = { PILOT:3 COMMANDER:3 MISSION_SPECIALIST:5 FLIGHT_ENGINEER:5 }; was created successfully
21-04-28 23:51:38 [main] INFO  com.epam.jwd.core_final.util.iostreamImpl.SpaceshipReadFileStream  - Spaceship ISS Diplomat was read from file
21-04-28 23:51:38 [main] INFO  com.epam.jwd.core_final.service.impl.SpaceshipServiceImpl  - New spaceship was added to collection
21-04-28 23:51:38 [main] INFO  com.epam.jwd.core_final.factory.impl.SpaceshipFactory  - New spaceship Spaceship CS Revolution : id=119, flightDistance=945886 ReadyForNextMission
Crew = { PILOT:2 COMMANDER:2 MISSION_SPECIALIST:8 FLIGHT_ENGINEER:6 }; was created successfully
21-04-28 23:51:38 [main] INFO  com.epam.jwd.core_final.util.iostreamImpl.SpaceshipReadFileStream  - Spaceship CS Revolution was read from file
21-04-28 23:51:38 [main] INFO  com.epam.jwd.core_final.service.impl.SpaceshipServiceImpl  - New spaceship was added to collection
21-04-28 23:51:38 [main] INFO  com.epam.jwd.core_final.factory.impl.SpaceshipFactory  - New spaceship Spaceship HWSS Mace : id=120, flightDistance=786986 ReadyForNextMission
Crew = { PILOT:4 COMMANDER:1 MISSION_SPECIALIST:8 FLIGHT_ENGINEER:9 }; was created successfully
21-04-28 23:51:38 [main] INFO  com.epam.jwd.core_final.util.iostreamImpl.SpaceshipReadFileStream  - Spaceship HWSS Mace was read from file
21-04-28 23:51:38 [main] INFO  com.epam.jwd.core_final.service.impl.SpaceshipServiceImpl  - New spaceship was added to collection
21-04-28 23:51:38 [main] INFO  com.epam.jwd.core_final.factory.impl.SpaceshipFactory  - New spaceship Spaceship Burn : id=121, flightDistance=452842 ReadyForNextMission
Crew = { PILOT:3 COMMANDER:2 MISSION_SPECIALIST:10 FLIGHT_ENGINEER:9 }; was created successfully
21-04-28 23:51:38 [main] INFO  com.epam.jwd.core_final.util.iostreamImpl.SpaceshipReadFileStream  - Spaceship Burn was read from file
21-04-28 23:51:38 [main] INFO  com.epam.jwd.core_final.service.impl.SpaceshipServiceImpl  - New spaceship was added to collection
21-04-28 23:51:38 [main] INFO  com.epam.jwd.core_final.factory.impl.SpaceshipFactory  - New spaceship Spaceship Fade : id=122, flightDistance=776539 ReadyForNextMission
Crew = { PILOT:2 COMMANDER:3 MISSION_SPECIALIST:8 FLIGHT_ENGINEER:8 }; was created successfully
21-04-28 23:51:38 [main] INFO  com.epam.jwd.core_final.util.iostreamImpl.SpaceshipReadFileStream  - Spaceship Fade was read from file
21-04-28 23:51:38 [main] INFO  com.epam.jwd.core_final.service.impl.SpaceshipServiceImpl  - New spaceship was added to collection
21-04-28 23:51:38 [main] INFO  com.epam.jwd.core_final.factory.impl.SpaceshipFactory  - New spaceship Spaceship Gibraltar : id=123, flightDistance=613090 ReadyForNextMission
Crew = { PILOT:3 COMMANDER:3 MISSION_SPECIALIST:10 FLIGHT_ENGINEER:8 }; was created successfully
21-04-28 23:51:38 [main] INFO  com.epam.jwd.core_final.util.iostreamImpl.SpaceshipReadFileStream  - Spaceship Gibraltar was read from file
21-04-28 23:51:38 [main] INFO  com.epam.jwd.core_final.service.impl.SpaceshipServiceImpl  - New spaceship was added to collection
21-04-28 23:51:38 [main] INFO  com.epam.jwd.core_final.factory.impl.SpaceshipFactory  - New spaceship Spaceship Assassin : id=124, flightDistance=650084 ReadyForNextMission
Crew = { PILOT:4 COMMANDER:3 MISSION_SPECIALIST:4 FLIGHT_ENGINEER:8 }; was created successfully
21-04-28 23:51:38 [main] INFO  com.epam.jwd.core_final.util.iostreamImpl.SpaceshipReadFileStream  - Spaceship Assassin was read from file
21-04-28 23:51:38 [main] INFO  com.epam.jwd.core_final.service.impl.SpaceshipServiceImpl  - New spaceship was added to collection
21-04-28 23:51:38 [main] INFO  com.epam.jwd.core_final.factory.impl.SpaceshipFactory  - New spaceship Spaceship Lifebringer : id=125, flightDistance=903775 ReadyForNextMission
Crew = { PILOT:2 COMMANDER:3 MISSION_SPECIALIST:6 FLIGHT_ENGINEER:9 }; was created successfully
21-04-28 23:51:38 [main] INFO  com.epam.jwd.core_final.util.iostreamImpl.SpaceshipReadFileStream  - Spaceship Lifebringer was read from file
21-04-28 23:51:38 [main] INFO  com.epam.jwd.core_final.service.impl.SpaceshipServiceImpl  - New spaceship was added to collection
21-04-28 23:51:38 [main] INFO  com.epam.jwd.core_final.factory.impl.SpaceshipFactory  - New spaceship Spaceship HMS The Titan : id=126, flightDistance=347940 ReadyForNextMission
Crew = { PILOT:2 COMMANDER:1 MISSION_SPECIALIST:7 FLIGHT_ENGINEER:8 }; was created successfully
21-04-28 23:51:38 [main] INFO  com.epam.jwd.core_final.util.iostreamImpl.SpaceshipReadFileStream  - Spaceship HMS The Titan was read from file
21-04-28 23:51:38 [main] INFO  com.epam.jwd.core_final.service.impl.SpaceshipServiceImpl  - New spaceship was added to collection
21-04-28 23:51:38 [main] INFO  com.epam.jwd.core_final.factory.impl.SpaceshipFactory  - New spaceship Spaceship CS Pathfinder : id=127, flightDistance=475299 ReadyForNextMission
Crew = { PILOT:2 COMMANDER:2 MISSION_SPECIALIST:7 FLIGHT_ENGINEER:9 }; was created successfully
21-04-28 23:51:38 [main] INFO  com.epam.jwd.core_final.util.iostreamImpl.SpaceshipReadFileStream  - Spaceship CS Pathfinder was read from file
21-04-28 23:51:38 [main] INFO  com.epam.jwd.core_final.service.impl.SpaceshipServiceImpl  - New spaceship was added to collection
21-04-28 23:51:38 [main] INFO  com.epam.jwd.core_final.factory.impl.SpaceshipFactory  - New spaceship Spaceship HWSS Orion : id=128, flightDistance=162029 ReadyForNextMission
Crew = { PILOT:2 COMMANDER:2 MISSION_SPECIALIST:7 FLIGHT_ENGINEER:7 }; was created successfully
21-04-28 23:51:38 [main] INFO  com.epam.jwd.core_final.util.iostreamImpl.SpaceshipReadFileStream  - Spaceship HWSS Orion was read from file
21-04-28 23:51:38 [main] INFO  com.epam.jwd.core_final.service.impl.SpaceshipServiceImpl  - New spaceship was added to collection
21-04-28 23:51:38 [main] INFO  com.epam.jwd.core_final.factory.impl.SpaceshipFactory  - New spaceship Spaceship SS Midway : id=129, flightDistance=940875 ReadyForNextMission
Crew = { PILOT:4 COMMANDER:2 MISSION_SPECIALIST:6 FLIGHT_ENGINEER:5 }; was created successfully
21-04-28 23:51:38 [main] INFO  com.epam.jwd.core_final.util.iostreamImpl.SpaceshipReadFileStream  - Spaceship SS Midway was read from file
21-04-28 23:51:38 [main] INFO  com.epam.jwd.core_final.service.impl.SpaceshipServiceImpl  - New spaceship was added to collection
21-04-28 23:51:38 [main] INFO  com.epam.jwd.core_final.factory.impl.SpaceshipFactory  - New spaceship Spaceship SC Dakota : id=130, flightDistance=318118 ReadyForNextMission
Crew = { PILOT:2 COMMANDER:1 MISSION_SPECIALIST:4 FLIGHT_ENGINEER:5 }; was created successfully
21-04-28 23:51:38 [main] INFO  com.epam.jwd.core_final.util.iostreamImpl.SpaceshipReadFileStream  - Spaceship SC Dakota was read from file
21-04-28 23:51:38 [main] INFO  com.epam.jwd.core_final.service.impl.PlanetServiceImpl  - New planet was added to collection
21-04-28 23:51:38 [main] INFO  com.epam.jwd.core_final.factory.impl.PlanetFactory  - New planet Planet Mars (180;1) was created successfully
21-04-28 23:51:38 [main] INFO  com.epam.jwd.core_final.util.iostreamImpl.PlanetReadFileStream  - Planet Mars was read from file
21-04-28 23:51:38 [main] INFO  com.epam.jwd.core_final.service.impl.PlanetServiceImpl  - New planet was added to collection
21-04-28 23:51:38 [main] INFO  com.epam.jwd.core_final.factory.impl.PlanetFactory  - New planet Planet Jupiter (185;3) was created successfully
21-04-28 23:51:38 [main] INFO  com.epam.jwd.core_final.util.iostreamImpl.PlanetReadFileStream  - Planet Jupiter was read from file
21-04-28 23:51:38 [main] INFO  com.epam.jwd.core_final.service.impl.PlanetServiceImpl  - New planet was added to collection
21-04-28 23:51:38 [main] INFO  com.epam.jwd.core_final.factory.impl.PlanetFactory  - New planet Planet Neptune (2;9) was created successfully
21-04-28 23:51:38 [main] INFO  com.epam.jwd.core_final.util.iostreamImpl.PlanetReadFileStream  - Planet Neptune was read from file
21-04-28 23:51:38 [main] INFO  com.epam.jwd.core_final.service.impl.PlanetServiceImpl  - New planet was added to collection
21-04-28 23:51:38 [main] INFO  com.epam.jwd.core_final.factory.impl.PlanetFactory  - New planet Planet Ceres (194;9) was created successfully
21-04-28 23:51:38 [main] INFO  com.epam.jwd.core_final.util.iostreamImpl.PlanetReadFileStream  - Planet Ceres was read from file
21-04-28 23:51:38 [main] INFO  com.epam.jwd.core_final.service.impl.PlanetServiceImpl  - New planet was added to collection
21-04-28 23:51:38 [main] INFO  com.epam.jwd.core_final.factory.impl.PlanetFactory  - New planet Planet Korriban (106;19) was created successfully
21-04-28 23:51:38 [main] INFO  com.epam.jwd.core_final.util.iostreamImpl.PlanetReadFileStream  - Planet Korriban was read from file
21-04-28 23:51:38 [main] INFO  com.epam.jwd.core_final.service.impl.PlanetServiceImpl  - New planet was added to collection
21-04-28 23:51:38 [main] INFO  com.epam.jwd.core_final.factory.impl.PlanetFactory  - New planet Planet Lehon (12;24) was created successfully
21-04-28 23:51:38 [main] INFO  com.epam.jwd.core_final.util.iostreamImpl.PlanetReadFileStream  - Planet Lehon was read from file
21-04-28 23:51:38 [main] INFO  com.epam.jwd.core_final.service.impl.PlanetServiceImpl  - New planet was added to collection
21-04-28 23:51:38 [main] INFO  com.epam.jwd.core_final.factory.impl.PlanetFactory  - New planet Planet Kamino (106;30) was created successfully
21-04-28 23:51:38 [main] INFO  com.epam.jwd.core_final.util.iostreamImpl.PlanetReadFileStream  - Planet Kamino was read from file
21-04-28 23:51:38 [main] INFO  com.epam.jwd.core_final.service.impl.PlanetServiceImpl  - New planet was added to collection
21-04-28 23:51:38 [main] INFO  com.epam.jwd.core_final.factory.impl.PlanetFactory  - New planet Planet Endor (0;37) was created successfully
21-04-28 23:51:38 [main] INFO  com.epam.jwd.core_final.util.iostreamImpl.PlanetReadFileStream  - Planet Endor was read from file
21-04-28 23:51:38 [main] INFO  com.epam.jwd.core_final.service.impl.PlanetServiceImpl  - New planet was added to collection
21-04-28 23:51:38 [main] INFO  com.epam.jwd.core_final.factory.impl.PlanetFactory  - New planet Planet Endar Spire (36;41) was created successfully
21-04-28 23:51:38 [main] INFO  com.epam.jwd.core_final.util.iostreamImpl.PlanetReadFileStream  - Planet Endar Spire was read from file
21-04-28 23:51:38 [main] INFO  com.epam.jwd.core_final.service.impl.PlanetServiceImpl  - New planet was added to collection
21-04-28 23:51:38 [main] INFO  com.epam.jwd.core_final.factory.impl.PlanetFactory  - New planet Planet Mercury (123;42) was created successfully
21-04-28 23:51:38 [main] INFO  com.epam.jwd.core_final.util.iostreamImpl.PlanetReadFileStream  - Planet Mercury was read from file
21-04-28 23:51:38 [main] INFO  com.epam.jwd.core_final.service.impl.PlanetServiceImpl  - New planet was added to collection
21-04-28 23:51:38 [main] INFO  com.epam.jwd.core_final.factory.impl.PlanetFactory  - New planet Planet Manaan (15;48) was created successfully
21-04-28 23:51:38 [main] INFO  com.epam.jwd.core_final.util.iostreamImpl.PlanetReadFileStream  - Planet Manaan was read from file
21-04-28 23:51:38 [main] INFO  com.epam.jwd.core_final.service.impl.PlanetServiceImpl  - New planet was added to collection
21-04-28 23:51:38 [main] INFO  com.epam.jwd.core_final.factory.impl.PlanetFactory  - New planet Planet Taris (234;49) was created successfully
21-04-28 23:51:38 [main] INFO  com.epam.jwd.core_final.util.iostreamImpl.PlanetReadFileStream  - Planet Taris was read from file
21-04-28 23:51:38 [main] INFO  com.epam.jwd.core_final.service.impl.PlanetServiceImpl  - New planet was added to collection
21-04-28 23:51:38 [main] INFO  com.epam.jwd.core_final.factory.impl.PlanetFactory  - New planet Planet Eris (123;54) was created successfully
21-04-28 23:51:38 [main] INFO  com.epam.jwd.core_final.util.iostreamImpl.PlanetReadFileStream  - Planet Eris was read from file
21-04-28 23:51:38 [main] INFO  com.epam.jwd.core_final.service.impl.PlanetServiceImpl  - New planet was added to collection
21-04-28 23:51:38 [main] INFO  com.epam.jwd.core_final.factory.impl.PlanetFactory  - New planet Planet Dantooine (29;55) was created successfully
21-04-28 23:51:38 [main] INFO  com.epam.jwd.core_final.util.iostreamImpl.PlanetReadFileStream  - Planet Dantooine was read from file
21-04-28 23:51:38 [main] INFO  com.epam.jwd.core_final.service.impl.PlanetServiceImpl  - New planet was added to collection
21-04-28 23:51:38 [main] INFO  com.epam.jwd.core_final.factory.impl.PlanetFactory  - New planet Planet Star Forge (215;57) was created successfully
21-04-28 23:51:38 [main] INFO  com.epam.jwd.core_final.util.iostreamImpl.PlanetReadFileStream  - Planet Star Forge was read from file
21-04-28 23:51:38 [main] INFO  com.epam.jwd.core_final.service.impl.PlanetServiceImpl  - New planet was added to collection
21-04-28 23:51:38 [main] INFO  com.epam.jwd.core_final.factory.impl.PlanetFactory  - New planet Planet Venus (129;62) was created successfully
21-04-28 23:51:38 [main] INFO  com.epam.jwd.core_final.util.iostreamImpl.PlanetReadFileStream  - Planet Venus was read from file
21-04-28 23:51:38 [main] INFO  com.epam.jwd.core_final.service.impl.PlanetServiceImpl  - New planet was added to collection
21-04-28 23:51:38 [main] INFO  com.epam.jwd.core_final.factory.impl.PlanetFactory  - New planet Planet Leviathan (239;64) was created successfully
21-04-28 23:51:38 [main] INFO  com.epam.jwd.core_final.util.iostreamImpl.PlanetReadFileStream  - Planet Leviathan was read from file
21-04-28 23:51:38 [main] INFO  com.epam.jwd.core_final.service.impl.PlanetServiceImpl  - New planet was added to collection
21-04-28 23:51:38 [main] INFO  com.epam.jwd.core_final.factory.impl.PlanetFactory  - New planet Planet Haumea (80;74) was created successfully
21-04-28 23:51:38 [main] INFO  com.epam.jwd.core_final.util.iostreamImpl.PlanetReadFileStream  - Planet Haumea was read from file
21-04-28 23:51:38 [main] INFO  com.epam.jwd.core_final.service.impl.PlanetServiceImpl  - New planet was added to collection
21-04-28 23:51:38 [main] INFO  com.epam.jwd.core_final.factory.impl.PlanetFactory  - New planet Planet Hoth (20;80) was created successfully
21-04-28 23:51:38 [main] INFO  com.epam.jwd.core_final.util.iostreamImpl.PlanetReadFileStream  - Planet Hoth was read from file
21-04-28 23:51:38 [main] INFO  com.epam.jwd.core_final.service.impl.PlanetServiceImpl  - New planet was added to collection
21-04-28 23:51:38 [main] INFO  com.epam.jwd.core_final.factory.impl.PlanetFactory  - New planet Planet Mustafar (100;83) was created successfully
21-04-28 23:51:38 [main] INFO  com.epam.jwd.core_final.util.iostreamImpl.PlanetReadFileStream  - Planet Mustafar was read from file
21-04-28 23:51:38 [main] INFO  com.epam.jwd.core_final.service.impl.PlanetServiceImpl  - New planet was added to collection
21-04-28 23:51:38 [main] INFO  com.epam.jwd.core_final.factory.impl.PlanetFactory  - New planet Planet Corusant (237;85) was created successfully
21-04-28 23:51:38 [main] INFO  com.epam.jwd.core_final.util.iostreamImpl.PlanetReadFileStream  - Planet Corusant was read from file
21-04-28 23:51:38 [main] INFO  com.epam.jwd.core_final.service.impl.PlanetServiceImpl  - New planet was added to collection
21-04-28 23:51:38 [main] INFO  com.epam.jwd.core_final.factory.impl.PlanetFactory  - New planet Planet Tatooine (249;93) was created successfully
21-04-28 23:51:38 [main] INFO  com.epam.jwd.core_final.util.iostreamImpl.PlanetReadFileStream  - Planet Tatooine was read from file
21-04-28 23:51:38 [main] INFO  com.epam.jwd.core_final.service.impl.PlanetServiceImpl  - New planet was added to collection
21-04-28 23:51:38 [main] INFO  com.epam.jwd.core_final.factory.impl.PlanetFactory  - New planet Planet Starkiller (90;98) was created successfully
21-04-28 23:51:38 [main] INFO  com.epam.jwd.core_final.util.iostreamImpl.PlanetReadFileStream  - Planet Starkiller was read from file
21-04-28 23:51:38 [main] INFO  com.epam.jwd.core_final.service.impl.PlanetServiceImpl  - New planet was added to collection
21-04-28 23:51:38 [main] INFO  com.epam.jwd.core_final.factory.impl.PlanetFactory  - New planet Planet Saturn (149;102) was created successfully
21-04-28 23:51:38 [main] INFO  com.epam.jwd.core_final.util.iostreamImpl.PlanetReadFileStream  - Planet Saturn was read from file
21-04-28 23:51:38 [main] INFO  com.epam.jwd.core_final.service.impl.PlanetServiceImpl  - New planet was added to collection
21-04-28 23:51:38 [main] INFO  com.epam.jwd.core_final.factory.impl.PlanetFactory  - New planet Planet Uranus (53;103) was created successfully
21-04-28 23:51:38 [main] INFO  com.epam.jwd.core_final.util.iostreamImpl.PlanetReadFileStream  - Planet Uranus was read from file
21-04-28 23:51:38 [main] INFO  com.epam.jwd.core_final.service.impl.PlanetServiceImpl  - New planet was added to collection
21-04-28 23:51:38 [main] INFO  com.epam.jwd.core_final.factory.impl.PlanetFactory  - New planet Planet Pluto (201;104) was created successfully
21-04-28 23:51:38 [main] INFO  com.epam.jwd.core_final.util.iostreamImpl.PlanetReadFileStream  - Planet Pluto was read from file
21-04-28 23:51:38 [main] INFO  com.epam.jwd.core_final.service.impl.PlanetServiceImpl  - New planet was added to collection
21-04-28 23:51:38 [main] INFO  com.epam.jwd.core_final.factory.impl.PlanetFactory  - New planet Planet Planet X (108;119) was created successfully
21-04-28 23:51:38 [main] INFO  com.epam.jwd.core_final.util.iostreamImpl.PlanetReadFileStream  - Planet Planet X was read from file
21-04-28 23:51:38 [main] INFO  com.epam.jwd.core_final.service.impl.PlanetServiceImpl  - New planet was added to collection
21-04-28 23:51:38 [main] INFO  com.epam.jwd.core_final.factory.impl.PlanetFactory  - New planet Planet Earth (166;121) was created successfully
21-04-28 23:51:38 [main] INFO  com.epam.jwd.core_final.util.iostreamImpl.PlanetReadFileStream  - Planet Earth was read from file
21-04-28 23:51:38 [main] INFO  com.epam.jwd.core_final.service.impl.PlanetServiceImpl  - New planet was added to collection
21-04-28 23:51:38 [main] INFO  com.epam.jwd.core_final.factory.impl.PlanetFactory  - New planet Planet Kashyyyk (22;124) was created successfully
21-04-28 23:51:38 [main] INFO  com.epam.jwd.core_final.util.iostreamImpl.PlanetReadFileStream  - Planet Kashyyyk was read from file
21-04-28 23:51:38 [main] INFO  com.epam.jwd.core_final.service.impl.PlanetServiceImpl  - New planet was added to collection
21-04-28 23:51:38 [main] INFO  com.epam.jwd.core_final.factory.impl.PlanetFactory  - New planet Planet Makemake (138;126) was created successfully
21-04-28 23:51:38 [main] INFO  com.epam.jwd.core_final.util.iostreamImpl.PlanetReadFileStream  - Planet Makemake was read from file
21-04-28 23:51:38 [main] INFO  com.epam.jwd.core_final.service.impl.PlanetServiceImpl  - New planet was added to collection
21-04-28 23:51:38 [main] INFO  com.epam.jwd.core_final.factory.impl.PlanetFactory  - New planet Planet Dagobah (248;135) was created successfully
21-04-28 23:51:38 [main] INFO  com.epam.jwd.core_final.util.iostreamImpl.PlanetReadFileStream  - Planet Dagobah was read from file
21-04-28 23:51:38 [main] INFO  com.epam.jwd.core_final.service.impl.PlanetServiceImpl  - New planet was added to collection
21-04-28 23:51:38 [main] INFO  com.epam.jwd.core_final.factory.impl.PlanetFactory  - New planet Planet Yavin 4 (34;136) was created successfully
21-04-28 23:51:38 [main] INFO  com.epam.jwd.core_final.util.iostreamImpl.PlanetReadFileStream  - Planet Yavin 4 was read from file
21-04-28 23:51:38 [main] INFO  com.epam.jwd.core_final.service.impl.PlanetServiceImpl  - New planet was added to collection
21-04-28 23:51:38 [main] INFO  com.epam.jwd.core_final.factory.impl.PlanetFactory  - New planet Planet Naboo (73;140) was created successfully
21-04-28 23:51:38 [main] INFO  com.epam.jwd.core_final.util.iostreamImpl.PlanetReadFileStream  - Planet Naboo was read from file
21-04-28 23:51:38 [main] INFO  com.epam.jwd.core_final.service.impl.PlanetServiceImpl  - New planet was added to collection
21-04-28 23:51:38 [main] INFO  com.epam.jwd.core_final.factory.impl.PlanetFactory  - New planet Planet Jakku (28;142) was created successfully
21-04-28 23:51:38 [main] INFO  com.epam.jwd.core_final.util.iostreamImpl.PlanetReadFileStream  - Planet Jakku was read from file
21-04-28 23:51:39 [main] INFO  com.epam.jwd.core_final.context.impl.NassaContext  - Data has been reading successfully
21-04-28 23:51:39 [pool-2-thread-1] INFO  com.epam.jwd.core_final.util.runnableImpl.FileTimetableRunnable  - FileTimetableRunnable is running
21-04-28 23:51:48 [main] INFO  com.epam.jwd.core_final.service.impl.MissionServiceImpl  - New mission was added to collection
21-04-28 23:51:48 [main] INFO  com.epam.jwd.core_final.factory.impl.FlightMissionFactory  - New mission FlightMission SpaceShuttle id=165
startDate=2021-05-22, endDate=2021-08-01, distance=261
MissionResult=PLANNED, from Planet Dagobah (248;135), to Planet Lehon (12;24)} was created successfully
21-04-28 23:51:48 [main] INFO  com.epam.jwd.core_final.context.impl.ApplicationMissionMenu  - Mission was generated successfully
21-04-28 23:51:49 [pool-2-thread-1] INFO  com.epam.jwd.core_final.util.runnableImpl.FileTimetableRunnable  - FileTimetableRunnable is running
21-04-28 23:51:52 [main] INFO  com.epam.jwd.core_final.service.impl.MissionServiceImpl  - New mission was added to collection
21-04-28 23:51:52 [main] INFO  com.epam.jwd.core_final.factory.impl.FlightMissionFactory  - New mission FlightMission Pioneer id=166
startDate=2021-05-22, endDate=2021-10-18, distance=11
MissionResult=PLANNED, from Planet Jupiter (185;3), to Planet Ceres (194;9)} was created successfully
21-04-28 23:51:52 [main] INFO  com.epam.jwd.core_final.context.impl.ApplicationMissionMenu  - Mission was generated successfully
21-04-28 23:51:57 [main] INFO  com.epam.jwd.core_final.service.impl.MissionServiceImpl  - New mission was added to collection
21-04-28 23:51:57 [main] INFO  com.epam.jwd.core_final.factory.impl.FlightMissionFactory  - New mission FlightMission Voyager id=167
startDate=2021-05-23, endDate=2021-06-10, distance=120
MissionResult=PLANNED, from Planet Earth (166;121), to Planet Jupiter (185;3)} was created successfully
21-04-28 23:51:57 [main] ERROR com.epam.jwd.core_final.context.impl.ApplicationMissionMenu  - Mission was not create
21-04-28 23:51:59 [pool-2-thread-1] INFO  com.epam.jwd.core_final.util.runnableImpl.FileTimetableRunnable  - FileTimetableRunnable is running
21-04-28 23:51:59 [pool-3-thread-1] INFO  com.epam.jwd.core_final.util.runnableImpl.ConsoleTimetableRunnable  - ConsoleTimetableRunnable is running
21-04-28 23:52:09 [pool-2-thread-1] INFO  com.epam.jwd.core_final.util.runnableImpl.FileTimetableRunnable  - FileTimetableRunnable is running
21-04-28 23:52:12 [main] INFO  com.epam.jwd.core_final.util.iostreamImpl.MissionsSerializeToFileStream  - Mission [FlightMission SpaceShuttle id=165
startDate=2021-05-22, endDate=2021-08-01, distance=261, assignedSpaceship=Spaceship Challenger : id=101, flightDistance=201117 NotReadyForNextMission
Crew = { PILOT:3 COMMANDER:3 MISSION_SPECIALIST:5 FLIGHT_ENGINEER:9 };
AssignedCrew= {[CrewMember Petra Potter : id=3, role=PILOT,  rank=CAPTAIN, NotReadyForNextMission;, CrewMember Hafsa Harding : id=4, role=PILOT,  rank=SECOND_OFFICER, NotReadyForNextMission;, CrewMember Reya Handley : id=6, role=PILOT,  rank=SECOND_OFFICER, NotReadyForNextMission;, CrewMember Davey Bentley : id=1, role=COMMANDER,  rank=SECOND_OFFICER, NotReadyForNextMission;, CrewMember Sara Barnes : id=8, role=COMMANDER,  rank=FIRST_OFFICER, NotReadyForNextMission;, CrewMember Adele Mckeown : id=13, role=COMMANDER,  rank=SECOND_OFFICER, NotReadyForNextMission;, CrewMember Zoe Day : id=2, role=MISSION_SPECIALIST,  rank=TRAINEE, NotReadyForNextMission;, CrewMember Isabelle Person : id=7, role=MISSION_SPECIALIST,  rank=SECOND_OFFICER, NotReadyForNextMission;, CrewMember Azra Hastings : id=15, role=MISSION_SPECIALIST,  rank=FIRST_OFFICER, NotReadyForNextMission;, CrewMember Aronas Paul : id=17, role=MISSION_SPECIALIST,  rank=FIRST_OFFICER, NotReadyForNextMission;, CrewMember Alanah Stanton : id=18, role=MISSION_SPECIALIST,  rank=FIRST_OFFICER, NotReadyForNextMission;, CrewMember Frazer Carr : id=5, role=FLIGHT_ENGINEER,  rank=CAPTAIN, NotReadyForNextMission;, CrewMember Marta Hendrix : id=12, role=FLIGHT_ENGINEER,  rank=FIRST_OFFICER, NotReadyForNextMission;, CrewMember Kayleigh Sellers : id=14, role=FLIGHT_ENGINEER,  rank=TRAINEE, NotReadyForNextMission;, CrewMember Cerys Mcdonnell : id=16, role=FLIGHT_ENGINEER,  rank=CAPTAIN, NotReadyForNextMission;, CrewMember Talia Mcnamara : id=22, role=FLIGHT_ENGINEER,  rank=FIRST_OFFICER, NotReadyForNextMission;, CrewMember Kaja Rogers : id=29, role=FLIGHT_ENGINEER,  rank=TRAINEE, NotReadyForNextMission;, CrewMember Annabella Lambert : id=31, role=FLIGHT_ENGINEER,  rank=CAPTAIN, NotReadyForNextMission;, CrewMember Asiyah Haines : id=33, role=FLIGHT_ENGINEER,  rank=TRAINEE, NotReadyForNextMission;, CrewMember Neave Mustafa : id=36, role=FLIGHT_ENGINEER,  rank=FIRST_OFFICER, NotReadyForNextMission;]
MissionResult=IN_PROGRESS, from Planet Dagobah (248;135), to Planet Lehon (12;24)}, FlightMission Pioneer id=166
startDate=2021-05-22, endDate=2021-10-18, distance=11, assignedSpaceship=Spaceship Intelligence : id=102, flightDistance=758717 NotReadyForNextMission
Crew = { PILOT:4 COMMANDER:1 MISSION_SPECIALIST:7 FLIGHT_ENGINEER:8 };
AssignedCrew= {[CrewMember Bilaal Reid : id=9, role=PILOT,  rank=CAPTAIN, NotReadyForNextMission;, CrewMember Ariel Crowther : id=10, role=PILOT,  rank=FIRST_OFFICER, NotReadyForNextMission;, CrewMember Malachi Cardenas : id=11, role=PILOT,  rank=CAPTAIN, NotReadyForNextMission;, CrewMember Kaden Mccormick : id=20, role=PILOT,  rank=FIRST_OFFICER, NotReadyForNextMission;, CrewMember Darien Blanchard : id=19, role=COMMANDER,  rank=TRAINEE, NotReadyForNextMission;, CrewMember Cobie Coles : id=21, role=MISSION_SPECIALIST,  rank=CAPTAIN, NotReadyForNextMission;, CrewMember Melisa Villalobos : id=25, role=MISSION_SPECIALIST,  rank=TRAINEE, NotReadyForNextMission;, CrewMember Kiran Burns : id=35, role=MISSION_SPECIALIST,  rank=SECOND_OFFICER, NotReadyForNextMission;, CrewMember Beatrix Mcdonald : id=39, role=MISSION_SPECIALIST,  rank=TRAINEE, NotReadyForNextMission;, CrewMember Karan Avalos : id=40, role=MISSION_SPECIALIST,  rank=TRAINEE, NotReadyForNextMission;, CrewMember Stefania Redmond : id=52, role=MISSION_SPECIALIST,  rank=CAPTAIN, NotReadyForNextMission;, CrewMember Jozef Braun : id=57, role=MISSION_SPECIALIST,  rank=FIRST_OFFICER, NotReadyForNextMission;, CrewMember Alfie Sosa : id=38, role=FLIGHT_ENGINEER,  rank=TRAINEE, NotReadyForNextMission;, CrewMember Elisabeth Gross : id=47, role=FLIGHT_ENGINEER,  rank=SECOND_OFFICER, NotReadyForNextMission;, CrewMember Ed Thatcher : id=54, role=FLIGHT_ENGINEER,  rank=FIRST_OFFICER, NotReadyForNextMission;, CrewMember Nyle Sanders : id=58, role=FLIGHT_ENGINEER,  rank=TRAINEE, NotReadyForNextMission;, CrewMember Nusaybah Buck : id=60, role=FLIGHT_ENGINEER,  rank=CAPTAIN, NotReadyForNextMission;, CrewMember Haleema Wills : id=61, role=FLIGHT_ENGINEER,  rank=SECOND_OFFICER, NotReadyForNextMission;, CrewMember Om Currie : id=67, role=FLIGHT_ENGINEER,  rank=CAPTAIN, NotReadyForNextMission;, CrewMember Harlee Mata : id=69, role=FLIGHT_ENGINEER,  rank=FIRST_OFFICER, NotReadyForNextMission;]
MissionResult=IN_PROGRESS, from Planet Jupiter (185;3), to Planet Ceres (194;9)}, FlightMission Voyager id=167
startDate=2021-05-23, endDate=2021-06-10, distance=120
MissionResult=FAILED, from Planet Earth (166;121), to Planet Jupiter (185;3)}] was written to file
21-04-28 23:52:18 [pool-3-thread-1] INFO  com.epam.jwd.core_final.util.runnableImpl.ConsoleTimetableRunnable  - ConsoleTimetableRunnable is running
21-04-28 23:52:19 [pool-2-thread-1] INFO  com.epam.jwd.core_final.util.runnableImpl.FileTimetableRunnable  - FileTimetableRunnable is running
21-04-28 23:52:28 [pool-3-thread-1] INFO  com.epam.jwd.core_final.util.runnableImpl.ConsoleTimetableRunnable  - ConsoleTimetableRunnable is running
21-04-28 23:52:29 [pool-2-thread-1] INFO  com.epam.jwd.core_final.util.runnableImpl.FileTimetableRunnable  - FileTimetableRunnable is running
21-04-28 23:52:38 [pool-3-thread-1] INFO  com.epam.jwd.core_final.util.runnableImpl.ConsoleTimetableRunnable  - ConsoleTimetableRunnable is running
21-04-28 23:52:39 [pool-2-thread-1] INFO  com.epam.jwd.core_final.util.runnableImpl.FileTimetableRunnable  - FileTimetableRunnable is running
21-04-28 23:52:48 [pool-3-thread-1] INFO  com.epam.jwd.core_final.util.runnableImpl.ConsoleTimetableRunnable  - ConsoleTimetableRunnable is running
21-04-28 23:52:49 [pool-2-thread-1] INFO  com.epam.jwd.core_final.util.runnableImpl.FileTimetableRunnable  - FileTimetableRunnable is running
21-04-28 23:52:58 [pool-3-thread-1] INFO  com.epam.jwd.core_final.util.runnableImpl.ConsoleTimetableRunnable  - ConsoleTimetableRunnable is running
21-04-28 23:52:59 [pool-2-thread-1] INFO  com.epam.jwd.core_final.util.runnableImpl.FileTimetableRunnable  - FileTimetableRunnable is running
21-04-28 23:53:08 [pool-3-thread-1] INFO  com.epam.jwd.core_final.util.runnableImpl.ConsoleTimetableRunnable  - ConsoleTimetableRunnable is running
21-04-28 23:53:09 [pool-2-thread-1] INFO  com.epam.jwd.core_final.util.runnableImpl.FileTimetableRunnable  - FileTimetableRunnable is running
21-04-28 23:53:18 [pool-3-thread-1] INFO  com.epam.jwd.core_final.util.runnableImpl.ConsoleTimetableRunnable  - ConsoleTimetableRunnable is running
21-04-28 23:53:19 [pool-2-thread-1] INFO  com.epam.jwd.core_final.util.runnableImpl.FileTimetableRunnable  - FileTimetableRunnable is running
21-04-28 23:53:29 [pool-2-thread-1] INFO  com.epam.jwd.core_final.util.runnableImpl.FileTimetableRunnable  - FileTimetableRunnable is running
21-04-28 23:53:33 [main] INFO  com.epam.jwd.core_final.service.impl.MissionServiceImpl  - New mission was added to collection
21-04-28 23:53:33 [main] INFO  com.epam.jwd.core_final.factory.impl.FlightMissionFactory  - New mission FlightMission Helios id=168
startDate=2021-09-06, endDate=2021-10-22, distance=105
MissionResult=PLANNED, from Planet Endor (0;37), to Planet Yavin 4 (34;136)} was created successfully
21-04-28 23:53:33 [main] INFO  com.epam.jwd.core_final.context.impl.ApplicationMissionMenu  - Mission was generated successfully
21-04-28 23:53:39 [pool-2-thread-1] INFO  com.epam.jwd.core_final.util.runnableImpl.FileTimetableRunnable  - FileTimetableRunnable is running
21-04-28 23:53:40 [main] INFO  com.epam.jwd.core_final.service.impl.MissionServiceImpl  - New mission was added to collection
21-04-28 23:53:40 [main] INFO  com.epam.jwd.core_final.factory.impl.FlightMissionFactory  - New mission FlightMission Pioneer-2 id=169
startDate=2021-09-04, endDate=2021-12-23, distance=196
MissionResult=PLANNED, from Planet Hoth (20;80), to Planet Star Forge (215;57)} was created successfully
21-04-28 23:53:40 [main] ERROR com.epam.jwd.core_final.context.impl.ApplicationMissionMenu  - Mission was not create
21-04-28 23:53:43 [pool-3-thread-1] INFO  com.epam.jwd.core_final.util.runnableImpl.ConsoleTimetableRunnable  - ConsoleTimetableRunnable is running
21-04-28 23:53:49 [pool-2-thread-1] INFO  com.epam.jwd.core_final.util.runnableImpl.FileTimetableRunnable  - FileTimetableRunnable is running
21-04-28 23:53:53 [pool-3-thread-1] INFO  com.epam.jwd.core_final.util.runnableImpl.ConsoleTimetableRunnable  - ConsoleTimetableRunnable is running
21-04-28 23:53:55 [main] INFO  com.epam.jwd.core_final.util.iostreamImpl.MissionsSerializeToFileStream  - Mission [FlightMission SpaceShuttle id=165
startDate=2021-05-22, endDate=2021-08-01, distance=261, assignedSpaceship=Spaceship Challenger : id=101, flightDistance=201117 NotReadyForNextMission
Crew = { PILOT:3 COMMANDER:3 MISSION_SPECIALIST:5 FLIGHT_ENGINEER:9 };
AssignedCrew= {[CrewMember Petra Potter : id=3, role=PILOT,  rank=CAPTAIN, NotReadyForNextMission;, CrewMember Hafsa Harding : id=4, role=PILOT,  rank=SECOND_OFFICER, NotReadyForNextMission;, CrewMember Reya Handley : id=6, role=PILOT,  rank=SECOND_OFFICER, NotReadyForNextMission;, CrewMember Davey Bentley : id=1, role=COMMANDER,  rank=SECOND_OFFICER, NotReadyForNextMission;, CrewMember Sara Barnes : id=8, role=COMMANDER,  rank=FIRST_OFFICER, NotReadyForNextMission;, CrewMember Adele Mckeown : id=13, role=COMMANDER,  rank=SECOND_OFFICER, NotReadyForNextMission;, CrewMember Zoe Day : id=2, role=MISSION_SPECIALIST,  rank=TRAINEE, NotReadyForNextMission;, CrewMember Isabelle Person : id=7, role=MISSION_SPECIALIST,  rank=SECOND_OFFICER, NotReadyForNextMission;, CrewMember Azra Hastings : id=15, role=MISSION_SPECIALIST,  rank=FIRST_OFFICER, NotReadyForNextMission;, CrewMember Aronas Paul : id=17, role=MISSION_SPECIALIST,  rank=FIRST_OFFICER, NotReadyForNextMission;, CrewMember Alanah Stanton : id=18, role=MISSION_SPECIALIST,  rank=FIRST_OFFICER, NotReadyForNextMission;, CrewMember Frazer Carr : id=5, role=FLIGHT_ENGINEER,  rank=CAPTAIN, NotReadyForNextMission;, CrewMember Marta Hendrix : id=12, role=FLIGHT_ENGINEER,  rank=FIRST_OFFICER, NotReadyForNextMission;, CrewMember Kayleigh Sellers : id=14, role=FLIGHT_ENGINEER,  rank=TRAINEE, NotReadyForNextMission;, CrewMember Cerys Mcdonnell : id=16, role=FLIGHT_ENGINEER,  rank=CAPTAIN, NotReadyForNextMission;, CrewMember Talia Mcnamara : id=22, role=FLIGHT_ENGINEER,  rank=FIRST_OFFICER, NotReadyForNextMission;, CrewMember Kaja Rogers : id=29, role=FLIGHT_ENGINEER,  rank=TRAINEE, NotReadyForNextMission;, CrewMember Annabella Lambert : id=31, role=FLIGHT_ENGINEER,  rank=CAPTAIN, NotReadyForNextMission;, CrewMember Asiyah Haines : id=33, role=FLIGHT_ENGINEER,  rank=TRAINEE, NotReadyForNextMission;, CrewMember Neave Mustafa : id=36, role=FLIGHT_ENGINEER,  rank=FIRST_OFFICER, NotReadyForNextMission;]
MissionResult=COMPLETED, from Planet Dagobah (248;135), to Planet Lehon (12;24)}, FlightMission Pioneer id=166
startDate=2021-05-22, endDate=2021-10-18, distance=11, assignedSpaceship=Spaceship Intelligence : id=102, flightDistance=758717 NotReadyForNextMission
Crew = { PILOT:4 COMMANDER:1 MISSION_SPECIALIST:7 FLIGHT_ENGINEER:8 };
AssignedCrew= {[CrewMember Bilaal Reid : id=9, role=PILOT,  rank=CAPTAIN, NotReadyForNextMission;, CrewMember Ariel Crowther : id=10, role=PILOT,  rank=FIRST_OFFICER, NotReadyForNextMission;, CrewMember Malachi Cardenas : id=11, role=PILOT,  rank=CAPTAIN, NotReadyForNextMission;, CrewMember Kaden Mccormick : id=20, role=PILOT,  rank=FIRST_OFFICER, NotReadyForNextMission;, CrewMember Darien Blanchard : id=19, role=COMMANDER,  rank=TRAINEE, NotReadyForNextMission;, CrewMember Cobie Coles : id=21, role=MISSION_SPECIALIST,  rank=CAPTAIN, NotReadyForNextMission;, CrewMember Melisa Villalobos : id=25, role=MISSION_SPECIALIST,  rank=TRAINEE, NotReadyForNextMission;, CrewMember Kiran Burns : id=35, role=MISSION_SPECIALIST,  rank=SECOND_OFFICER, NotReadyForNextMission;, CrewMember Beatrix Mcdonald : id=39, role=MISSION_SPECIALIST,  rank=TRAINEE, NotReadyForNextMission;, CrewMember Karan Avalos : id=40, role=MISSION_SPECIALIST,  rank=TRAINEE, NotReadyForNextMission;, CrewMember Stefania Redmond : id=52, role=MISSION_SPECIALIST,  rank=CAPTAIN, NotReadyForNextMission;, CrewMember Jozef Braun : id=57, role=MISSION_SPECIALIST,  rank=FIRST_OFFICER, NotReadyForNextMission;, CrewMember Alfie Sosa : id=38, role=FLIGHT_ENGINEER,  rank=TRAINEE, NotReadyForNextMission;, CrewMember Elisabeth Gross : id=47, role=FLIGHT_ENGINEER,  rank=SECOND_OFFICER, NotReadyForNextMission;, CrewMember Ed Thatcher : id=54, role=FLIGHT_ENGINEER,  rank=FIRST_OFFICER, NotReadyForNextMission;, CrewMember Nyle Sanders : id=58, role=FLIGHT_ENGINEER,  rank=TRAINEE, NotReadyForNextMission;, CrewMember Nusaybah Buck : id=60, role=FLIGHT_ENGINEER,  rank=CAPTAIN, NotReadyForNextMission;, CrewMember Haleema Wills : id=61, role=FLIGHT_ENGINEER,  rank=SECOND_OFFICER, NotReadyForNextMission;, CrewMember Om Currie : id=67, role=FLIGHT_ENGINEER,  rank=CAPTAIN, NotReadyForNextMission;, CrewMember Harlee Mata : id=69, role=FLIGHT_ENGINEER,  rank=FIRST_OFFICER, NotReadyForNextMission;]
MissionResult=IN_PROGRESS, from Planet Jupiter (185;3), to Planet Ceres (194;9)}, FlightMission Voyager id=167
startDate=2021-05-23, endDate=2021-06-10, distance=120
MissionResult=FAILED, from Planet Earth (166;121), to Planet Jupiter (185;3)}, FlightMission Helios id=168
startDate=2021-09-06, endDate=2021-10-22, distance=105, assignedSpaceship=Spaceship Challenger : id=101, flightDistance=201117 NotReadyForNextMission
Crew = { PILOT:3 COMMANDER:3 MISSION_SPECIALIST:5 FLIGHT_ENGINEER:9 };
AssignedCrew= {[CrewMember Petra Potter : id=3, role=PILOT,  rank=CAPTAIN, NotReadyForNextMission;, CrewMember Hafsa Harding : id=4, role=PILOT,  rank=SECOND_OFFICER, NotReadyForNextMission;, CrewMember Reya Handley : id=6, role=PILOT,  rank=SECOND_OFFICER, NotReadyForNextMission;, CrewMember Davey Bentley : id=1, role=COMMANDER,  rank=SECOND_OFFICER, NotReadyForNextMission;, CrewMember Sara Barnes : id=8, role=COMMANDER,  rank=FIRST_OFFICER, NotReadyForNextMission;, CrewMember Adele Mckeown : id=13, role=COMMANDER,  rank=SECOND_OFFICER, NotReadyForNextMission;, CrewMember Zoe Day : id=2, role=MISSION_SPECIALIST,  rank=TRAINEE, NotReadyForNextMission;, CrewMember Isabelle Person : id=7, role=MISSION_SPECIALIST,  rank=SECOND_OFFICER, NotReadyForNextMission;, CrewMember Azra Hastings : id=15, role=MISSION_SPECIALIST,  rank=FIRST_OFFICER, NotReadyForNextMission;, CrewMember Aronas Paul : id=17, role=MISSION_SPECIALIST,  rank=FIRST_OFFICER, NotReadyForNextMission;, CrewMember Alanah Stanton : id=18, role=MISSION_SPECIALIST,  rank=FIRST_OFFICER, NotReadyForNextMission;, CrewMember Frazer Carr : id=5, role=FLIGHT_ENGINEER,  rank=CAPTAIN, NotReadyForNextMission;, CrewMember Marta Hendrix : id=12, role=FLIGHT_ENGINEER,  rank=FIRST_OFFICER, NotReadyForNextMission;, CrewMember Kayleigh Sellers : id=14, role=FLIGHT_ENGINEER,  rank=TRAINEE, NotReadyForNextMission;, CrewMember Cerys Mcdonnell : id=16, role=FLIGHT_ENGINEER,  rank=CAPTAIN, NotReadyForNextMission;, CrewMember Talia Mcnamara : id=22, role=FLIGHT_ENGINEER,  rank=FIRST_OFFICER, NotReadyForNextMission;, CrewMember Kaja Rogers : id=29, role=FLIGHT_ENGINEER,  rank=TRAINEE, NotReadyForNextMission;, CrewMember Annabella Lambert : id=31, role=FLIGHT_ENGINEER,  rank=CAPTAIN, NotReadyForNextMission;, CrewMember Asiyah Haines : id=33, role=FLIGHT_ENGINEER,  rank=TRAINEE, NotReadyForNextMission;, CrewMember Neave Mustafa : id=36, role=FLIGHT_ENGINEER,  rank=FIRST_OFFICER, NotReadyForNextMission;]
MissionResult=IN_PROGRESS, from Planet Endor (0;37), to Planet Yavin 4 (34;136)}, FlightMission Pioneer-2 id=169
startDate=2021-09-04, endDate=2021-12-23, distance=196
MissionResult=FAILED, from Planet Hoth (20;80), to Planet Star Forge (215;57)}] was written to file
